02/01/2023 18:36:06 ::INFO:: Model is TNN_128vec_unbalanced
02/01/2023 18:36:06 ::INFO:: Learning rate = 0.0001
02/01/2023 18:36:06 ::INFO:: Batch size = 64
02/01/2023 18:36:06 ::INFO:: Using optimizer : Adam (
Parameter Group 0
    amsgrad: False
    betas: (0.9, 0.999)
    capturable: False
    differentiable: False
    eps: 1e-08
    foreach: None
    fused: False
    lr: 0.0001
    maximize: False
    weight_decay: 0.0005
)
02/01/2023 18:36:06 ::INFO:: Lr Scheduler : None
02/01/2023 18:36:06 ::INFO:: 
02/01/2023 18:36:06 ::INFO:: Start training
02/01/2023 18:36:06 ::INFO:: [START] : 2023-01-02 18:36:06
02/01/2023 18:36:08 ::INFO:: Epoch 1/10
02/01/2023 18:36:08 ::INFO:: Fraction positive triplet in this batch : 14.17
02/01/2023 18:36:08 ::INFO:: ***** Training loss : 0.56846
02/01/2023 18:36:09 ::INFO:: Epoch 1/10
02/01/2023 18:36:09 ::INFO:: Fraction positive triplet in this batch : 16.88
02/01/2023 18:36:09 ::INFO:: ***** Training loss : 0.51752
02/01/2023 18:36:11 ::INFO:: Epoch 1/10
02/01/2023 18:36:11 ::INFO:: Fraction positive triplet in this batch : 0.28
02/01/2023 18:36:11 ::INFO:: ***** Training loss : 0.10258
02/01/2023 18:36:12 ::INFO:: Epoch 1/10
02/01/2023 18:36:12 ::INFO:: Fraction positive triplet in this batch : 3.42
02/01/2023 18:36:12 ::INFO:: ***** Training loss : 0.68803
02/01/2023 18:36:14 ::INFO:: Epoch 1/10
02/01/2023 18:36:14 ::INFO:: Fraction positive triplet in this batch : 1.45
02/01/2023 18:36:14 ::INFO:: ***** Training loss : 0.42014
02/01/2023 18:36:16 ::INFO:: Epoch 1/10
02/01/2023 18:36:16 ::INFO:: Fraction positive triplet in this batch : 0.87
02/01/2023 18:36:16 ::INFO:: ***** Training loss : 0.32479
02/01/2023 18:36:17 ::INFO:: Epoch 1/10
02/01/2023 18:36:17 ::INFO:: Fraction positive triplet in this batch : 1.49
02/01/2023 18:36:17 ::INFO:: ***** Training loss : 0.65412
02/01/2023 18:36:19 ::INFO:: Epoch 1/10
02/01/2023 18:36:19 ::INFO:: Fraction positive triplet in this batch : 7.52
02/01/2023 18:36:19 ::INFO:: ***** Training loss : 0.81225
02/01/2023 18:36:21 ::INFO:: Epoch 1/10
02/01/2023 18:36:21 ::INFO:: Fraction positive triplet in this batch : 6.37
02/01/2023 18:36:21 ::INFO:: ***** Training loss : 0.49353
02/01/2023 18:36:22 ::INFO:: Epoch 1/10
02/01/2023 18:36:22 ::INFO:: Fraction positive triplet in this batch : 1.81
02/01/2023 18:36:22 ::INFO:: ***** Training loss : 0.48925
02/01/2023 18:36:24 ::INFO:: Epoch 1/10
02/01/2023 18:36:24 ::INFO:: Fraction positive triplet in this batch : 0.06
02/01/2023 18:36:24 ::INFO:: ***** Training loss : 0.19694
02/01/2023 18:36:26 ::INFO:: Epoch 1/10
02/01/2023 18:36:26 ::INFO:: Fraction positive triplet in this batch : 3.22
02/01/2023 18:36:26 ::INFO:: ***** Training loss : 0.57362
02/01/2023 18:36:28 ::INFO:: Epoch 1/10
02/01/2023 18:36:28 ::INFO:: Fraction positive triplet in this batch : 0.81
02/01/2023 18:36:28 ::INFO:: ***** Training loss : 0.33796
02/01/2023 18:36:29 ::INFO:: Epoch 1/10
02/01/2023 18:36:29 ::INFO:: Fraction positive triplet in this batch : 1.91
02/01/2023 18:36:29 ::INFO:: ***** Training loss : 0.46239
02/01/2023 18:36:31 ::INFO:: Epoch 1/10
02/01/2023 18:36:31 ::INFO:: Fraction positive triplet in this batch : 1.04
02/01/2023 18:36:31 ::INFO:: ***** Training loss : 0.28194
02/01/2023 18:36:33 ::INFO:: Epoch 1/10
02/01/2023 18:36:33 ::INFO:: Fraction positive triplet in this batch : 4.86
02/01/2023 18:36:33 ::INFO:: ***** Training loss : 0.76195
02/01/2023 18:36:35 ::INFO:: Epoch 1/10
02/01/2023 18:36:35 ::INFO:: Fraction positive triplet in this batch : 0.14
02/01/2023 18:36:35 ::INFO:: ***** Training loss : 0.21214
02/01/2023 18:36:36 ::INFO:: Epoch 1/10
02/01/2023 18:36:36 ::INFO:: Fraction positive triplet in this batch : 0.00
02/01/2023 18:36:36 ::INFO:: ***** Training loss : 0.00000
02/01/2023 18:36:38 ::INFO:: Epoch 1/10
02/01/2023 18:36:38 ::INFO:: Fraction positive triplet in this batch : 0.05
02/01/2023 18:36:38 ::INFO:: ***** Training loss : 0.12485
02/01/2023 18:36:40 ::INFO:: Epoch 1/10
02/01/2023 18:36:40 ::INFO:: Fraction positive triplet in this batch : 2.43
02/01/2023 18:36:40 ::INFO:: ***** Training loss : 1.09509
02/01/2023 18:36:41 ::INFO:: Epoch 1/10
02/01/2023 18:36:41 ::INFO:: Fraction positive triplet in this batch : 0.21
02/01/2023 18:36:41 ::INFO:: ***** Training loss : 0.26803
02/01/2023 18:36:43 ::INFO:: Epoch 1/10
02/01/2023 18:36:43 ::INFO:: Fraction positive triplet in this batch : 1.98
02/01/2023 18:36:43 ::INFO:: ***** Training loss : 0.51024
02/01/2023 18:36:45 ::INFO:: Epoch 1/10
02/01/2023 18:36:45 ::INFO:: Fraction positive triplet in this batch : 1.09
02/01/2023 18:36:45 ::INFO:: ***** Training loss : 0.31602
02/01/2023 18:36:46 ::INFO:: Epoch 1/10
02/01/2023 18:36:46 ::INFO:: Fraction positive triplet in this batch : 2.61
02/01/2023 18:36:46 ::INFO:: ***** Training loss : 1.51547
02/01/2023 18:36:48 ::INFO:: Epoch 1/10
02/01/2023 18:36:48 ::INFO:: Fraction positive triplet in this batch : 0.03
02/01/2023 18:36:48 ::INFO:: ***** Training loss : 0.10950
02/01/2023 18:36:50 ::INFO:: Epoch 1/10
02/01/2023 18:36:50 ::INFO:: Fraction positive triplet in this batch : 2.89
02/01/2023 18:36:50 ::INFO:: ***** Training loss : 0.62654
02/01/2023 18:36:52 ::INFO:: Epoch 1/10
02/01/2023 18:36:52 ::INFO:: Fraction positive triplet in this batch : 3.49
02/01/2023 18:36:52 ::INFO:: ***** Training loss : 0.40756
02/01/2023 18:36:53 ::INFO:: Epoch 1/10
02/01/2023 18:36:53 ::INFO:: Fraction positive triplet in this batch : 0.14
02/01/2023 18:36:53 ::INFO:: ***** Training loss : 0.21852
02/01/2023 18:36:55 ::INFO:: Epoch 1/10
02/01/2023 18:36:55 ::INFO:: Fraction positive triplet in this batch : 3.23
02/01/2023 18:36:55 ::INFO:: ***** Training loss : 0.96027
02/01/2023 18:36:57 ::INFO:: Epoch 1/10
02/01/2023 18:36:57 ::INFO:: Fraction positive triplet in this batch : 0.47
02/01/2023 18:36:57 ::INFO:: ***** Training loss : 0.37162
02/01/2023 18:36:59 ::INFO:: Epoch 1/10
02/01/2023 18:36:59 ::INFO:: Fraction positive triplet in this batch : 0.88
02/01/2023 18:36:59 ::INFO:: ***** Training loss : 0.26830
02/01/2023 18:37:00 ::INFO:: Epoch 1/10
02/01/2023 18:37:00 ::INFO:: Fraction positive triplet in this batch : 1.00
02/01/2023 18:37:00 ::INFO:: ***** Training loss : 0.64166
02/01/2023 18:37:02 ::INFO:: Epoch 1/10
02/01/2023 18:37:02 ::INFO:: Fraction positive triplet in this batch : 0.28
02/01/2023 18:37:02 ::INFO:: ***** Training loss : 0.27893
02/01/2023 18:37:04 ::INFO:: Epoch 1/10
02/01/2023 18:37:04 ::INFO:: Fraction positive triplet in this batch : 0.01
02/01/2023 18:37:04 ::INFO:: ***** Training loss : 0.30508
02/01/2023 18:37:05 ::INFO:: Epoch 1/10
02/01/2023 18:37:05 ::INFO:: Fraction positive triplet in this batch : 4.52
02/01/2023 18:37:05 ::INFO:: ***** Training loss : 0.65244
02/01/2023 18:37:07 ::INFO:: Epoch 1/10
02/01/2023 18:37:07 ::INFO:: Fraction positive triplet in this batch : 1.24
02/01/2023 18:37:07 ::INFO:: ***** Training loss : 0.50380
02/01/2023 18:37:09 ::INFO:: Epoch 1/10
02/01/2023 18:37:09 ::INFO:: Fraction positive triplet in this batch : 3.16
02/01/2023 18:37:09 ::INFO:: ***** Training loss : 0.56950
02/01/2023 18:37:11 ::INFO:: Epoch 1/10
02/01/2023 18:37:11 ::INFO:: Fraction positive triplet in this batch : 0.01
02/01/2023 18:37:11 ::INFO:: ***** Training loss : 0.02682
02/01/2023 18:37:12 ::INFO:: Epoch 1/10
02/01/2023 18:37:12 ::INFO:: Fraction positive triplet in this batch : 3.31
02/01/2023 18:37:12 ::INFO:: ***** Training loss : 0.86288
02/01/2023 18:37:14 ::INFO:: Epoch 1/10
02/01/2023 18:37:14 ::INFO:: Fraction positive triplet in this batch : 2.16
02/01/2023 18:37:14 ::INFO:: ***** Training loss : 2.28877
02/01/2023 18:37:16 ::INFO:: Epoch 1/10
02/01/2023 18:37:16 ::INFO:: Fraction positive triplet in this batch : 1.71
02/01/2023 18:37:16 ::INFO:: ***** Training loss : 1.16129
02/01/2023 18:37:18 ::INFO:: Epoch 1/10
02/01/2023 18:37:18 ::INFO:: Fraction positive triplet in this batch : 1.04
02/01/2023 18:37:18 ::INFO:: ***** Training loss : 0.53534
02/01/2023 18:37:20 ::INFO:: Epoch 1/10
02/01/2023 18:37:20 ::INFO:: Fraction positive triplet in this batch : 0.00
02/01/2023 18:37:20 ::INFO:: ***** Training loss : 0.00000
02/01/2023 18:37:22 ::INFO:: Epoch 1/10
02/01/2023 18:37:22 ::INFO:: Fraction positive triplet in this batch : 1.48
02/01/2023 18:37:22 ::INFO:: ***** Training loss : 0.62009
02/01/2023 18:37:24 ::INFO:: Epoch 1/10
02/01/2023 18:37:24 ::INFO:: Fraction positive triplet in this batch : 2.68
02/01/2023 18:37:24 ::INFO:: ***** Training loss : 0.58677
02/01/2023 18:37:25 ::INFO:: Epoch 1/10
02/01/2023 18:37:25 ::INFO:: Fraction positive triplet in this batch : 1.55
02/01/2023 18:37:25 ::INFO:: ***** Training loss : 0.82337
02/01/2023 18:37:27 ::INFO:: Epoch 1/10
02/01/2023 18:37:27 ::INFO:: Fraction positive triplet in this batch : 0.00
02/01/2023 18:37:27 ::INFO:: ***** Training loss : 0.00000
02/01/2023 18:37:27 ::INFO:: Mean training loss for this epoch : 0.52822
02/01/2023 18:37:27 ::INFO:: 
02/01/2023 18:37:28 ::INFO:: Epoch 2/10
02/01/2023 18:37:28 ::INFO:: Fraction positive triplet in this batch : 1.25
02/01/2023 18:37:28 ::INFO:: ***** Training loss : 0.65751
02/01/2023 18:37:30 ::INFO:: Epoch 2/10
02/01/2023 18:37:30 ::INFO:: Fraction positive triplet in this batch : 1.58
02/01/2023 18:37:30 ::INFO:: ***** Training loss : 0.78626
02/01/2023 18:37:32 ::INFO:: Epoch 2/10
02/01/2023 18:37:32 ::INFO:: Fraction positive triplet in this batch : 0.00
02/01/2023 18:37:32 ::INFO:: ***** Training loss : 0.00000
02/01/2023 18:37:34 ::INFO:: Epoch 2/10
02/01/2023 18:37:34 ::INFO:: Fraction positive triplet in this batch : 1.65
02/01/2023 18:37:34 ::INFO:: ***** Training loss : 0.88760
02/01/2023 18:37:35 ::INFO:: Epoch 2/10
02/01/2023 18:37:35 ::INFO:: Fraction positive triplet in this batch : 0.13
02/01/2023 18:37:35 ::INFO:: ***** Training loss : 0.29994
02/01/2023 18:37:37 ::INFO:: Epoch 2/10
02/01/2023 18:37:37 ::INFO:: Fraction positive triplet in this batch : 0.87
02/01/2023 18:37:37 ::INFO:: ***** Training loss : 0.75972
02/01/2023 18:37:39 ::INFO:: Epoch 2/10
02/01/2023 18:37:39 ::INFO:: Fraction positive triplet in this batch : 0.00
02/01/2023 18:37:39 ::INFO:: ***** Training loss : 0.00000
02/01/2023 18:37:40 ::INFO:: Epoch 2/10
02/01/2023 18:37:40 ::INFO:: Fraction positive triplet in this batch : 1.23
02/01/2023 18:37:40 ::INFO:: ***** Training loss : 0.75049
02/01/2023 18:37:42 ::INFO:: Epoch 2/10
02/01/2023 18:37:42 ::INFO:: Fraction positive triplet in this batch : 1.37
02/01/2023 18:37:42 ::INFO:: ***** Training loss : 0.40399
02/01/2023 18:37:44 ::INFO:: Epoch 2/10
02/01/2023 18:37:44 ::INFO:: Fraction positive triplet in this batch : 0.04
02/01/2023 18:37:44 ::INFO:: ***** Training loss : 0.05673
02/01/2023 18:37:46 ::INFO:: Epoch 2/10
02/01/2023 18:37:46 ::INFO:: Fraction positive triplet in this batch : 0.00
02/01/2023 18:37:46 ::INFO:: ***** Training loss : 0.02155
02/01/2023 18:37:48 ::INFO:: Epoch 2/10
02/01/2023 18:37:48 ::INFO:: Fraction positive triplet in this batch : 2.63
02/01/2023 18:37:48 ::INFO:: ***** Training loss : 1.33802
02/01/2023 18:37:49 ::INFO:: Epoch 2/10
02/01/2023 18:37:49 ::INFO:: Fraction positive triplet in this batch : 0.00
02/01/2023 18:37:49 ::INFO:: ***** Training loss : 0.00000
02/01/2023 18:37:51 ::INFO:: Epoch 2/10
02/01/2023 18:37:51 ::INFO:: Fraction positive triplet in this batch : 0.91
02/01/2023 18:37:51 ::INFO:: ***** Training loss : 0.48474
02/01/2023 18:37:53 ::INFO:: Epoch 2/10
02/01/2023 18:37:53 ::INFO:: Fraction positive triplet in this batch : 0.03
02/01/2023 18:37:53 ::INFO:: ***** Training loss : 0.07870
02/01/2023 18:37:54 ::INFO:: Epoch 2/10
02/01/2023 18:37:54 ::INFO:: Fraction positive triplet in this batch : 0.24
02/01/2023 18:37:54 ::INFO:: ***** Training loss : 0.32070
02/01/2023 18:37:56 ::INFO:: Epoch 2/10
02/01/2023 18:37:56 ::INFO:: Fraction positive triplet in this batch : 0.20
02/01/2023 18:37:56 ::INFO:: ***** Training loss : 0.31440
02/01/2023 18:37:58 ::INFO:: Epoch 2/10
02/01/2023 18:37:58 ::INFO:: Fraction positive triplet in this batch : 0.47
02/01/2023 18:37:58 ::INFO:: ***** Training loss : 0.46036
02/01/2023 18:38:00 ::INFO:: Epoch 2/10
02/01/2023 18:38:00 ::INFO:: Fraction positive triplet in this batch : 0.54
02/01/2023 18:38:00 ::INFO:: ***** Training loss : 0.75053
02/01/2023 18:38:01 ::INFO:: Epoch 2/10
02/01/2023 18:38:01 ::INFO:: Fraction positive triplet in this batch : 5.20
02/01/2023 18:38:01 ::INFO:: ***** Training loss : 1.18177
02/01/2023 18:38:03 ::INFO:: Epoch 2/10
02/01/2023 18:38:03 ::INFO:: Fraction positive triplet in this batch : 0.00
02/01/2023 18:38:03 ::INFO:: ***** Training loss : 0.00000
02/01/2023 18:38:05 ::INFO:: Epoch 2/10
02/01/2023 18:38:05 ::INFO:: Fraction positive triplet in this batch : 2.28
02/01/2023 18:38:05 ::INFO:: ***** Training loss : 0.55907
02/01/2023 18:38:07 ::INFO:: Epoch 2/10
02/01/2023 18:38:07 ::INFO:: Fraction positive triplet in this batch : 0.05
02/01/2023 18:38:07 ::INFO:: ***** Training loss : 0.26481
02/01/2023 18:38:08 ::INFO:: Epoch 2/10
02/01/2023 18:38:08 ::INFO:: Fraction positive triplet in this batch : 0.20
02/01/2023 18:38:08 ::INFO:: ***** Training loss : 0.31388
02/01/2023 18:38:10 ::INFO:: Epoch 2/10
02/01/2023 18:38:10 ::INFO:: Fraction positive triplet in this batch : 1.77
02/01/2023 18:38:10 ::INFO:: ***** Training loss : 0.54388
02/01/2023 18:38:12 ::INFO:: Epoch 2/10
02/01/2023 18:38:12 ::INFO:: Fraction positive triplet in this batch : 1.89
02/01/2023 18:38:12 ::INFO:: ***** Training loss : 2.56029
02/01/2023 18:38:14 ::INFO:: Epoch 2/10
02/01/2023 18:38:14 ::INFO:: Fraction positive triplet in this batch : 0.50
02/01/2023 18:38:14 ::INFO:: ***** Training loss : 0.35032
02/01/2023 18:38:16 ::INFO:: Epoch 2/10
02/01/2023 18:38:16 ::INFO:: Fraction positive triplet in this batch : 0.00
02/01/2023 18:38:16 ::INFO:: ***** Training loss : 0.00000
02/01/2023 18:38:18 ::INFO:: Epoch 2/10
02/01/2023 18:38:18 ::INFO:: Fraction positive triplet in this batch : 1.80
02/01/2023 18:38:18 ::INFO:: ***** Training loss : 0.81254
02/01/2023 18:38:20 ::INFO:: Epoch 2/10
02/01/2023 18:38:20 ::INFO:: Fraction positive triplet in this batch : 2.74
02/01/2023 18:38:20 ::INFO:: ***** Training loss : 0.91643
02/01/2023 18:38:21 ::INFO:: Epoch 2/10
02/01/2023 18:38:21 ::INFO:: Fraction positive triplet in this batch : 0.00
02/01/2023 18:38:21 ::INFO:: ***** Training loss : 0.00000
02/01/2023 18:38:23 ::INFO:: Epoch 2/10
02/01/2023 18:38:23 ::INFO:: Fraction positive triplet in this batch : 0.00
02/01/2023 18:38:23 ::INFO:: ***** Training loss : 0.00000
02/01/2023 18:38:25 ::INFO:: Epoch 2/10
02/01/2023 18:38:25 ::INFO:: Fraction positive triplet in this batch : 0.03
02/01/2023 18:38:25 ::INFO:: ***** Training loss : 0.26336
02/01/2023 18:38:27 ::INFO:: Epoch 2/10
02/01/2023 18:38:27 ::INFO:: Fraction positive triplet in this batch : 0.71
02/01/2023 18:38:27 ::INFO:: ***** Training loss : 0.46774
02/01/2023 18:38:29 ::INFO:: Epoch 2/10
02/01/2023 18:38:29 ::INFO:: Fraction positive triplet in this batch : 0.67
02/01/2023 18:38:29 ::INFO:: ***** Training loss : 0.66298
02/01/2023 18:38:30 ::INFO:: Epoch 2/10
02/01/2023 18:38:30 ::INFO:: Fraction positive triplet in this batch : 1.14
02/01/2023 18:38:30 ::INFO:: ***** Training loss : 0.88214
02/01/2023 18:38:32 ::INFO:: Epoch 2/10
02/01/2023 18:38:32 ::INFO:: Fraction positive triplet in this batch : 1.06
02/01/2023 18:38:32 ::INFO:: ***** Training loss : 0.50299
02/01/2023 18:38:34 ::INFO:: Epoch 2/10
02/01/2023 18:38:34 ::INFO:: Fraction positive triplet in this batch : 7.74
02/01/2023 18:38:34 ::INFO:: ***** Training loss : 1.10143
02/01/2023 18:38:36 ::INFO:: Epoch 2/10
02/01/2023 18:38:36 ::INFO:: Fraction positive triplet in this batch : 3.29
02/01/2023 18:38:36 ::INFO:: ***** Training loss : 1.59511
02/01/2023 18:38:37 ::INFO:: Epoch 2/10
02/01/2023 18:38:37 ::INFO:: Fraction positive triplet in this batch : 0.00
02/01/2023 18:38:37 ::INFO:: ***** Training loss : 0.00000
02/01/2023 18:38:39 ::INFO:: Epoch 2/10
02/01/2023 18:38:39 ::INFO:: Fraction positive triplet in this batch : 1.55
02/01/2023 18:38:39 ::INFO:: ***** Training loss : 0.41145
02/01/2023 18:38:41 ::INFO:: Epoch 2/10
02/01/2023 18:38:41 ::INFO:: Fraction positive triplet in this batch : 0.04
02/01/2023 18:38:41 ::INFO:: ***** Training loss : 0.09722
02/01/2023 18:38:43 ::INFO:: Epoch 2/10
02/01/2023 18:38:43 ::INFO:: Fraction positive triplet in this batch : 1.06
02/01/2023 18:38:43 ::INFO:: ***** Training loss : 0.68454
02/01/2023 18:38:45 ::INFO:: Epoch 2/10
02/01/2023 18:38:45 ::INFO:: Fraction positive triplet in this batch : 0.00
02/01/2023 18:38:45 ::INFO:: ***** Training loss : 0.00000
02/01/2023 18:38:46 ::INFO:: Epoch 2/10
02/01/2023 18:38:46 ::INFO:: Fraction positive triplet in this batch : 0.26
02/01/2023 18:38:46 ::INFO:: ***** Training loss : 0.37930
02/01/2023 18:38:48 ::INFO:: Epoch 2/10
02/01/2023 18:38:48 ::INFO:: Fraction positive triplet in this batch : 0.02
02/01/2023 18:38:48 ::INFO:: ***** Training loss : 0.16245
02/01/2023 18:38:50 ::INFO:: Epoch 2/10
02/01/2023 18:38:50 ::INFO:: Fraction positive triplet in this batch : 3.01
02/01/2023 18:38:50 ::INFO:: ***** Training loss : 0.38429
02/01/2023 18:38:50 ::INFO:: Mean training loss for this epoch : 0.46344
02/01/2023 18:38:50 ::INFO:: 
02/01/2023 18:38:52 ::INFO:: Epoch 3/10
02/01/2023 18:38:52 ::INFO:: Fraction positive triplet in this batch : 0.16
02/01/2023 18:38:52 ::INFO:: ***** Training loss : 0.29467
02/01/2023 18:38:54 ::INFO:: Epoch 3/10
02/01/2023 18:38:54 ::INFO:: Fraction positive triplet in this batch : 0.02
02/01/2023 18:38:54 ::INFO:: ***** Training loss : 0.06587
02/01/2023 18:38:56 ::INFO:: Epoch 3/10
02/01/2023 18:38:56 ::INFO:: Fraction positive triplet in this batch : 0.00
02/01/2023 18:38:56 ::INFO:: ***** Training loss : 0.00000
02/01/2023 18:38:57 ::INFO:: Epoch 3/10
02/01/2023 18:38:57 ::INFO:: Fraction positive triplet in this batch : 0.00
02/01/2023 18:38:57 ::INFO:: ***** Training loss : 0.00000
02/01/2023 18:38:59 ::INFO:: Epoch 3/10
02/01/2023 18:38:59 ::INFO:: Fraction positive triplet in this batch : 1.56
02/01/2023 18:38:59 ::INFO:: ***** Training loss : 0.57703
02/01/2023 18:39:01 ::INFO:: Epoch 3/10
02/01/2023 18:39:01 ::INFO:: Fraction positive triplet in this batch : 0.00
02/01/2023 18:39:01 ::INFO:: ***** Training loss : 0.00000
02/01/2023 18:39:03 ::INFO:: Epoch 3/10
02/01/2023 18:39:03 ::INFO:: Fraction positive triplet in this batch : 0.00
02/01/2023 18:39:03 ::INFO:: ***** Training loss : 0.00000
02/01/2023 18:39:05 ::INFO:: Epoch 3/10
02/01/2023 18:39:05 ::INFO:: Fraction positive triplet in this batch : 0.00
02/01/2023 18:39:05 ::INFO:: ***** Training loss : 0.00000
02/01/2023 18:39:06 ::INFO:: Epoch 3/10
02/01/2023 18:39:06 ::INFO:: Fraction positive triplet in this batch : 4.84
02/01/2023 18:39:06 ::INFO:: ***** Training loss : 0.94458
02/01/2023 18:39:08 ::INFO:: Epoch 3/10
02/01/2023 18:39:08 ::INFO:: Fraction positive triplet in this batch : 0.18
02/01/2023 18:39:08 ::INFO:: ***** Training loss : 0.30971
02/01/2023 18:39:10 ::INFO:: Epoch 3/10
02/01/2023 18:39:10 ::INFO:: Fraction positive triplet in this batch : 0.00
02/01/2023 18:39:10 ::INFO:: ***** Training loss : 0.00000
02/01/2023 18:39:12 ::INFO:: Epoch 3/10
02/01/2023 18:39:12 ::INFO:: Fraction positive triplet in this batch : 0.00
02/01/2023 18:39:12 ::INFO:: ***** Training loss : 0.00000
02/01/2023 18:39:14 ::INFO:: Epoch 3/10
02/01/2023 18:39:14 ::INFO:: Fraction positive triplet in this batch : 0.84
02/01/2023 18:39:14 ::INFO:: ***** Training loss : 0.44234
02/01/2023 18:39:15 ::INFO:: Epoch 3/10
02/01/2023 18:39:15 ::INFO:: Fraction positive triplet in this batch : 0.00
02/01/2023 18:39:15 ::INFO:: ***** Training loss : 0.00000
02/01/2023 18:39:17 ::INFO:: Epoch 3/10
02/01/2023 18:39:17 ::INFO:: Fraction positive triplet in this batch : 0.00
02/01/2023 18:39:17 ::INFO:: ***** Training loss : 0.00000
02/01/2023 18:39:19 ::INFO:: Epoch 3/10
02/01/2023 18:39:19 ::INFO:: Fraction positive triplet in this batch : 0.00
02/01/2023 18:39:19 ::INFO:: ***** Training loss : 0.00000
02/01/2023 18:39:21 ::INFO:: Epoch 3/10
02/01/2023 18:39:21 ::INFO:: Fraction positive triplet in this batch : 0.63
02/01/2023 18:39:21 ::INFO:: ***** Training loss : 0.41194
02/01/2023 18:39:22 ::INFO:: Epoch 3/10
02/01/2023 18:39:22 ::INFO:: Fraction positive triplet in this batch : 0.00
02/01/2023 18:39:22 ::INFO:: ***** Training loss : 0.00000
02/01/2023 18:39:24 ::INFO:: Epoch 3/10
02/01/2023 18:39:24 ::INFO:: Fraction positive triplet in this batch : 0.52
02/01/2023 18:39:24 ::INFO:: ***** Training loss : 0.55466
02/01/2023 18:39:26 ::INFO:: Epoch 3/10
02/01/2023 18:39:26 ::INFO:: Fraction positive triplet in this batch : 0.00
02/01/2023 18:39:26 ::INFO:: ***** Training loss : 0.00000
02/01/2023 18:39:28 ::INFO:: Epoch 3/10
02/01/2023 18:39:28 ::INFO:: Fraction positive triplet in this batch : 0.09
02/01/2023 18:39:28 ::INFO:: ***** Training loss : 0.25921
02/01/2023 18:39:30 ::INFO:: Epoch 3/10
02/01/2023 18:39:30 ::INFO:: Fraction positive triplet in this batch : 1.47
02/01/2023 18:39:30 ::INFO:: ***** Training loss : 0.58039
02/01/2023 18:39:31 ::INFO:: Epoch 3/10
02/01/2023 18:39:31 ::INFO:: Fraction positive triplet in this batch : 0.03
02/01/2023 18:39:31 ::INFO:: ***** Training loss : 0.13085
02/01/2023 18:39:33 ::INFO:: Epoch 3/10
02/01/2023 18:39:33 ::INFO:: Fraction positive triplet in this batch : 0.04
02/01/2023 18:39:33 ::INFO:: ***** Training loss : 0.18810
02/01/2023 18:39:35 ::INFO:: Epoch 3/10
02/01/2023 18:39:35 ::INFO:: Fraction positive triplet in this batch : 0.04
02/01/2023 18:39:35 ::INFO:: ***** Training loss : 0.46308
02/01/2023 18:39:37 ::INFO:: Epoch 3/10
02/01/2023 18:39:37 ::INFO:: Fraction positive triplet in this batch : 0.00
02/01/2023 18:39:37 ::INFO:: ***** Training loss : 0.04629
02/01/2023 18:39:39 ::INFO:: Epoch 3/10
02/01/2023 18:39:39 ::INFO:: Fraction positive triplet in this batch : 0.06
02/01/2023 18:39:39 ::INFO:: ***** Training loss : 0.19417
02/01/2023 18:39:41 ::INFO:: Epoch 3/10
02/01/2023 18:39:41 ::INFO:: Fraction positive triplet in this batch : 0.00
02/01/2023 18:39:41 ::INFO:: ***** Training loss : 0.00000
02/01/2023 18:39:42 ::INFO:: Epoch 3/10
02/01/2023 18:39:42 ::INFO:: Fraction positive triplet in this batch : 0.00
02/01/2023 18:39:42 ::INFO:: ***** Training loss : 0.00000
02/01/2023 18:39:44 ::INFO:: Epoch 3/10
02/01/2023 18:39:44 ::INFO:: Fraction positive triplet in this batch : 0.29
02/01/2023 18:39:44 ::INFO:: ***** Training loss : 0.33073
02/01/2023 18:39:46 ::INFO:: Epoch 3/10
02/01/2023 18:39:46 ::INFO:: Fraction positive triplet in this batch : 0.01
02/01/2023 18:39:46 ::INFO:: ***** Training loss : 0.03343
02/01/2023 18:39:48 ::INFO:: Epoch 3/10
02/01/2023 18:39:48 ::INFO:: Fraction positive triplet in this batch : 0.00
02/01/2023 18:39:48 ::INFO:: ***** Training loss : 0.00000
02/01/2023 18:39:50 ::INFO:: Epoch 3/10
02/01/2023 18:39:50 ::INFO:: Fraction positive triplet in this batch : 0.00
02/01/2023 18:39:50 ::INFO:: ***** Training loss : 0.00000
02/01/2023 18:39:52 ::INFO:: Epoch 3/10
02/01/2023 18:39:52 ::INFO:: Fraction positive triplet in this batch : 0.07
02/01/2023 18:39:52 ::INFO:: ***** Training loss : 0.33046
02/01/2023 18:39:53 ::INFO:: Epoch 3/10
02/01/2023 18:39:53 ::INFO:: Fraction positive triplet in this batch : 0.00
02/01/2023 18:39:53 ::INFO:: ***** Training loss : 0.00000
02/01/2023 18:39:55 ::INFO:: Epoch 3/10
02/01/2023 18:39:55 ::INFO:: Fraction positive triplet in this batch : 1.88
02/01/2023 18:39:55 ::INFO:: ***** Training loss : 1.69225
02/01/2023 18:39:57 ::INFO:: Epoch 3/10
02/01/2023 18:39:57 ::INFO:: Fraction positive triplet in this batch : 0.00
02/01/2023 18:39:57 ::INFO:: ***** Training loss : 0.00000
02/01/2023 18:39:59 ::INFO:: Epoch 3/10
02/01/2023 18:39:59 ::INFO:: Fraction positive triplet in this batch : 0.02
02/01/2023 18:39:59 ::INFO:: ***** Training loss : 0.28366
02/01/2023 18:40:01 ::INFO:: Epoch 3/10
02/01/2023 18:40:01 ::INFO:: Fraction positive triplet in this batch : 0.11
02/01/2023 18:40:01 ::INFO:: ***** Training loss : 0.25369
02/01/2023 18:40:02 ::INFO:: Epoch 3/10
02/01/2023 18:40:02 ::INFO:: Fraction positive triplet in this batch : 0.00
02/01/2023 18:40:02 ::INFO:: ***** Training loss : 0.00000
02/01/2023 18:40:04 ::INFO:: Epoch 3/10
02/01/2023 18:40:04 ::INFO:: Fraction positive triplet in this batch : 0.71
02/01/2023 18:40:04 ::INFO:: ***** Training loss : 0.78432
02/01/2023 18:40:06 ::INFO:: Epoch 3/10
02/01/2023 18:40:06 ::INFO:: Fraction positive triplet in this batch : 0.37
02/01/2023 18:40:06 ::INFO:: ***** Training loss : 0.44537
02/01/2023 18:40:08 ::INFO:: Epoch 3/10
02/01/2023 18:40:08 ::INFO:: Fraction positive triplet in this batch : 0.98
02/01/2023 18:40:08 ::INFO:: ***** Training loss : 0.57795
02/01/2023 18:40:09 ::INFO:: Epoch 3/10
02/01/2023 18:40:09 ::INFO:: Fraction positive triplet in this batch : 0.00
02/01/2023 18:40:09 ::INFO:: ***** Training loss : 0.00000
02/01/2023 18:40:11 ::INFO:: Epoch 3/10
02/01/2023 18:40:11 ::INFO:: Fraction positive triplet in this batch : 0.21
02/01/2023 18:40:11 ::INFO:: ***** Training loss : 0.33390
02/01/2023 18:40:13 ::INFO:: Epoch 3/10
02/01/2023 18:40:13 ::INFO:: Fraction positive triplet in this batch : 0.00
02/01/2023 18:40:13 ::INFO:: ***** Training loss : 0.00000
02/01/2023 18:40:14 ::INFO:: Epoch 3/10
02/01/2023 18:40:14 ::INFO:: Fraction positive triplet in this batch : 0.00
02/01/2023 18:40:14 ::INFO:: ***** Training loss : 0.00000
02/01/2023 18:40:14 ::INFO:: Mean training loss for this epoch : 0.36773
02/01/2023 18:40:14 ::INFO:: 
02/01/2023 18:40:16 ::INFO:: Epoch 4/10
02/01/2023 18:40:16 ::INFO:: Fraction positive triplet in this batch : 0.13
02/01/2023 18:40:16 ::INFO:: ***** Training loss : 0.37059
02/01/2023 18:40:18 ::INFO:: Epoch 4/10
02/01/2023 18:40:18 ::INFO:: Fraction positive triplet in this batch : 0.89
02/01/2023 18:40:18 ::INFO:: ***** Training loss : 0.46743
02/01/2023 18:40:20 ::INFO:: Epoch 4/10
02/01/2023 18:40:20 ::INFO:: Fraction positive triplet in this batch : 0.00
02/01/2023 18:40:20 ::INFO:: ***** Training loss : 0.00000
02/01/2023 18:40:21 ::INFO:: Epoch 4/10
02/01/2023 18:40:21 ::INFO:: Fraction positive triplet in this batch : 0.00
02/01/2023 18:40:21 ::INFO:: ***** Training loss : 0.00000
02/01/2023 18:40:23 ::INFO:: Epoch 4/10
02/01/2023 18:40:23 ::INFO:: Fraction positive triplet in this batch : 0.05
02/01/2023 18:40:23 ::INFO:: ***** Training loss : 0.37230
02/01/2023 18:40:25 ::INFO:: Epoch 4/10
02/01/2023 18:40:25 ::INFO:: Fraction positive triplet in this batch : 0.00
02/01/2023 18:40:25 ::INFO:: ***** Training loss : 0.00000
02/01/2023 18:40:27 ::INFO:: Epoch 4/10
02/01/2023 18:40:27 ::INFO:: Fraction positive triplet in this batch : 0.14
02/01/2023 18:40:27 ::INFO:: ***** Training loss : 0.31509
02/01/2023 18:40:29 ::INFO:: Epoch 4/10
02/01/2023 18:40:29 ::INFO:: Fraction positive triplet in this batch : 0.13
02/01/2023 18:40:29 ::INFO:: ***** Training loss : 0.29697
02/01/2023 18:40:31 ::INFO:: Epoch 4/10
02/01/2023 18:40:31 ::INFO:: Fraction positive triplet in this batch : 0.15
02/01/2023 18:40:31 ::INFO:: ***** Training loss : 0.40607
02/01/2023 18:40:32 ::INFO:: Epoch 4/10
02/01/2023 18:40:32 ::INFO:: Fraction positive triplet in this batch : 0.01
02/01/2023 18:40:32 ::INFO:: ***** Training loss : 0.12583
02/01/2023 18:40:34 ::INFO:: Epoch 4/10
02/01/2023 18:40:34 ::INFO:: Fraction positive triplet in this batch : 0.00
02/01/2023 18:40:34 ::INFO:: ***** Training loss : 0.00000
02/01/2023 18:40:36 ::INFO:: Epoch 4/10
02/01/2023 18:40:36 ::INFO:: Fraction positive triplet in this batch : 0.00
02/01/2023 18:40:36 ::INFO:: ***** Training loss : 0.00000
02/01/2023 18:40:38 ::INFO:: Epoch 4/10
02/01/2023 18:40:38 ::INFO:: Fraction positive triplet in this batch : 0.26
02/01/2023 18:40:38 ::INFO:: ***** Training loss : 0.33219
02/01/2023 18:40:39 ::INFO:: Epoch 4/10
02/01/2023 18:40:39 ::INFO:: Fraction positive triplet in this batch : 0.00
02/01/2023 18:40:39 ::INFO:: ***** Training loss : 0.00000
02/01/2023 18:40:41 ::INFO:: Epoch 4/10
02/01/2023 18:40:41 ::INFO:: Fraction positive triplet in this batch : 0.95
02/01/2023 18:40:41 ::INFO:: ***** Training loss : 0.47099
02/01/2023 18:40:43 ::INFO:: Epoch 4/10
02/01/2023 18:40:43 ::INFO:: Fraction positive triplet in this batch : 0.00
02/01/2023 18:40:43 ::INFO:: ***** Training loss : 0.00000
02/01/2023 18:40:45 ::INFO:: Epoch 4/10
02/01/2023 18:40:45 ::INFO:: Fraction positive triplet in this batch : 0.04
02/01/2023 18:40:45 ::INFO:: ***** Training loss : 0.16886
02/01/2023 18:40:47 ::INFO:: Epoch 4/10
02/01/2023 18:40:47 ::INFO:: Fraction positive triplet in this batch : 1.09
02/01/2023 18:40:47 ::INFO:: ***** Training loss : 1.10915
02/01/2023 18:40:49 ::INFO:: Epoch 4/10
02/01/2023 18:40:49 ::INFO:: Fraction positive triplet in this batch : 0.71
02/01/2023 18:40:49 ::INFO:: ***** Training loss : 0.49000
02/01/2023 18:40:50 ::INFO:: Epoch 4/10
02/01/2023 18:40:50 ::INFO:: Fraction positive triplet in this batch : 0.01
02/01/2023 18:40:50 ::INFO:: ***** Training loss : 0.06133
02/01/2023 18:40:52 ::INFO:: Epoch 4/10
02/01/2023 18:40:52 ::INFO:: Fraction positive triplet in this batch : 0.00
02/01/2023 18:40:52 ::INFO:: ***** Training loss : 0.00000
02/01/2023 18:40:54 ::INFO:: Epoch 4/10
02/01/2023 18:40:54 ::INFO:: Fraction positive triplet in this batch : 0.06
02/01/2023 18:40:54 ::INFO:: ***** Training loss : 0.28292
02/01/2023 18:40:56 ::INFO:: Epoch 4/10
02/01/2023 18:40:56 ::INFO:: Fraction positive triplet in this batch : 0.00
02/01/2023 18:40:56 ::INFO:: ***** Training loss : 0.00000
02/01/2023 18:40:58 ::INFO:: Epoch 4/10
02/01/2023 18:40:58 ::INFO:: Fraction positive triplet in this batch : 0.00
02/01/2023 18:40:58 ::INFO:: ***** Training loss : 0.00000
02/01/2023 18:40:59 ::INFO:: Epoch 4/10
02/01/2023 18:40:59 ::INFO:: Fraction positive triplet in this batch : 0.12
02/01/2023 18:40:59 ::INFO:: ***** Training loss : 0.27683
02/01/2023 18:41:01 ::INFO:: Epoch 4/10
02/01/2023 18:41:01 ::INFO:: Fraction positive triplet in this batch : 0.00
02/01/2023 18:41:01 ::INFO:: ***** Training loss : 0.00000
02/01/2023 18:41:03 ::INFO:: Epoch 4/10
02/01/2023 18:41:03 ::INFO:: Fraction positive triplet in this batch : 4.87
02/01/2023 18:41:03 ::INFO:: ***** Training loss : 1.58402
02/01/2023 18:41:05 ::INFO:: Epoch 4/10
02/01/2023 18:41:05 ::INFO:: Fraction positive triplet in this batch : 0.08
02/01/2023 18:41:05 ::INFO:: ***** Training loss : 0.24311
02/01/2023 18:41:06 ::INFO:: Epoch 4/10
02/01/2023 18:41:06 ::INFO:: Fraction positive triplet in this batch : 0.00
02/01/2023 18:41:06 ::INFO:: ***** Training loss : 0.00000
02/01/2023 18:41:08 ::INFO:: Epoch 4/10
02/01/2023 18:41:08 ::INFO:: Fraction positive triplet in this batch : 0.00
02/01/2023 18:41:08 ::INFO:: ***** Training loss : 0.00000
02/01/2023 18:41:10 ::INFO:: Epoch 4/10
02/01/2023 18:41:10 ::INFO:: Fraction positive triplet in this batch : 0.11
02/01/2023 18:41:10 ::INFO:: ***** Training loss : 0.28912
02/01/2023 18:41:11 ::INFO:: Epoch 4/10
02/01/2023 18:41:11 ::INFO:: Fraction positive triplet in this batch : 1.26
02/01/2023 18:41:11 ::INFO:: ***** Training loss : 0.97154
02/01/2023 18:41:13 ::INFO:: Epoch 4/10
02/01/2023 18:41:13 ::INFO:: Fraction positive triplet in this batch : 0.00
02/01/2023 18:41:13 ::INFO:: ***** Training loss : 0.00000
02/01/2023 18:41:15 ::INFO:: Epoch 4/10
02/01/2023 18:41:15 ::INFO:: Fraction positive triplet in this batch : 0.95
02/01/2023 18:41:15 ::INFO:: ***** Training loss : 0.70998
02/01/2023 18:41:17 ::INFO:: Epoch 4/10
02/01/2023 18:41:17 ::INFO:: Fraction positive triplet in this batch : 0.00
02/01/2023 18:41:17 ::INFO:: ***** Training loss : 0.00000
02/01/2023 18:41:19 ::INFO:: Epoch 4/10
02/01/2023 18:41:19 ::INFO:: Fraction positive triplet in this batch : 0.00
02/01/2023 18:41:19 ::INFO:: ***** Training loss : 0.00000
02/01/2023 18:41:20 ::INFO:: Epoch 4/10
02/01/2023 18:41:20 ::INFO:: Fraction positive triplet in this batch : 0.00
02/01/2023 18:41:20 ::INFO:: ***** Training loss : 0.00000
02/01/2023 18:41:22 ::INFO:: Epoch 4/10
02/01/2023 18:41:22 ::INFO:: Fraction positive triplet in this batch : 2.15
02/01/2023 18:41:22 ::INFO:: ***** Training loss : 1.09121
02/01/2023 18:41:24 ::INFO:: Epoch 4/10
02/01/2023 18:41:24 ::INFO:: Fraction positive triplet in this batch : 5.67
02/01/2023 18:41:24 ::INFO:: ***** Training loss : 1.50491
02/01/2023 18:41:26 ::INFO:: Epoch 4/10
02/01/2023 18:41:26 ::INFO:: Fraction positive triplet in this batch : 0.04
02/01/2023 18:41:26 ::INFO:: ***** Training loss : 0.24488
02/01/2023 18:41:27 ::INFO:: Epoch 4/10
02/01/2023 18:41:27 ::INFO:: Fraction positive triplet in this batch : 0.00
02/01/2023 18:41:27 ::INFO:: ***** Training loss : 0.00000
02/01/2023 18:41:29 ::INFO:: Epoch 4/10
02/01/2023 18:41:29 ::INFO:: Fraction positive triplet in this batch : 0.00
02/01/2023 18:41:29 ::INFO:: ***** Training loss : 0.00000
02/01/2023 18:41:31 ::INFO:: Epoch 4/10
02/01/2023 18:41:31 ::INFO:: Fraction positive triplet in this batch : 0.01
02/01/2023 18:41:31 ::INFO:: ***** Training loss : 0.09254
02/01/2023 18:41:33 ::INFO:: Epoch 4/10
02/01/2023 18:41:33 ::INFO:: Fraction positive triplet in this batch : 0.08
02/01/2023 18:41:33 ::INFO:: ***** Training loss : 0.29278
02/01/2023 18:41:35 ::INFO:: Epoch 4/10
02/01/2023 18:41:35 ::INFO:: Fraction positive triplet in this batch : 0.00
02/01/2023 18:41:35 ::INFO:: ***** Training loss : 0.00000
02/01/2023 18:41:37 ::INFO:: Epoch 4/10
02/01/2023 18:41:37 ::INFO:: Fraction positive triplet in this batch : 0.00
02/01/2023 18:41:37 ::INFO:: ***** Training loss : 0.00000
02/01/2023 18:41:38 ::INFO:: Epoch 4/10
02/01/2023 18:41:38 ::INFO:: Fraction positive triplet in this batch : 3.83
02/01/2023 18:41:38 ::INFO:: ***** Training loss : 1.76590
02/01/2023 18:41:38 ::INFO:: Mean training loss for this epoch : 0.33836
02/01/2023 18:41:38 ::INFO:: 
02/01/2023 18:41:40 ::INFO:: Epoch 5/10
02/01/2023 18:41:40 ::INFO:: Fraction positive triplet in this batch : 0.00
02/01/2023 18:41:40 ::INFO:: ***** Training loss : 0.00000
02/01/2023 18:41:42 ::INFO:: Epoch 5/10
02/01/2023 18:41:42 ::INFO:: Fraction positive triplet in this batch : 0.00
02/01/2023 18:41:42 ::INFO:: ***** Training loss : 0.00000
02/01/2023 18:41:43 ::INFO:: Epoch 5/10
02/01/2023 18:41:43 ::INFO:: Fraction positive triplet in this batch : 0.00
02/01/2023 18:41:43 ::INFO:: ***** Training loss : 0.00000
02/01/2023 18:41:45 ::INFO:: Epoch 5/10
02/01/2023 18:41:45 ::INFO:: Fraction positive triplet in this batch : 0.00
02/01/2023 18:41:45 ::INFO:: ***** Training loss : 0.00000
02/01/2023 18:41:47 ::INFO:: Epoch 5/10
02/01/2023 18:41:47 ::INFO:: Fraction positive triplet in this batch : 2.47
02/01/2023 18:41:47 ::INFO:: ***** Training loss : 0.91130
02/01/2023 18:41:49 ::INFO:: Epoch 5/10
02/01/2023 18:41:49 ::INFO:: Fraction positive triplet in this batch : 0.00
02/01/2023 18:41:49 ::INFO:: ***** Training loss : 0.00000
02/01/2023 18:41:51 ::INFO:: Epoch 5/10
02/01/2023 18:41:51 ::INFO:: Fraction positive triplet in this batch : 0.01
02/01/2023 18:41:51 ::INFO:: ***** Training loss : 0.26602
02/01/2023 18:41:53 ::INFO:: Epoch 5/10
02/01/2023 18:41:53 ::INFO:: Fraction positive triplet in this batch : 0.75
02/01/2023 18:41:53 ::INFO:: ***** Training loss : 0.55703
02/01/2023 18:41:54 ::INFO:: Epoch 5/10
02/01/2023 18:41:54 ::INFO:: Fraction positive triplet in this batch : 0.23
02/01/2023 18:41:54 ::INFO:: ***** Training loss : 0.46100
02/01/2023 18:41:56 ::INFO:: Epoch 5/10
02/01/2023 18:41:56 ::INFO:: Fraction positive triplet in this batch : 3.49
02/01/2023 18:41:56 ::INFO:: ***** Training loss : 1.21090
02/01/2023 18:41:58 ::INFO:: Epoch 5/10
02/01/2023 18:41:58 ::INFO:: Fraction positive triplet in this batch : 0.71
02/01/2023 18:41:58 ::INFO:: ***** Training loss : 0.39677
02/01/2023 18:42:00 ::INFO:: Epoch 5/10
02/01/2023 18:42:00 ::INFO:: Fraction positive triplet in this batch : 0.00
02/01/2023 18:42:00 ::INFO:: ***** Training loss : 0.16980
02/01/2023 18:42:02 ::INFO:: Epoch 5/10
02/01/2023 18:42:02 ::INFO:: Fraction positive triplet in this batch : 0.22
02/01/2023 18:42:02 ::INFO:: ***** Training loss : 0.27669
02/01/2023 18:42:04 ::INFO:: Epoch 5/10
02/01/2023 18:42:04 ::INFO:: Fraction positive triplet in this batch : 0.51
02/01/2023 18:42:04 ::INFO:: ***** Training loss : 0.47070
02/01/2023 18:42:06 ::INFO:: Epoch 5/10
02/01/2023 18:42:06 ::INFO:: Fraction positive triplet in this batch : 0.07
02/01/2023 18:42:06 ::INFO:: ***** Training loss : 0.18940
02/01/2023 18:42:07 ::INFO:: Epoch 5/10
02/01/2023 18:42:07 ::INFO:: Fraction positive triplet in this batch : 0.00
02/01/2023 18:42:07 ::INFO:: ***** Training loss : 0.00000
02/01/2023 18:42:08 ::INFO:: Epoch 5/10
02/01/2023 18:42:08 ::INFO:: Fraction positive triplet in this batch : 0.01
02/01/2023 18:42:08 ::INFO:: ***** Training loss : 0.20775
02/01/2023 18:42:10 ::INFO:: Epoch 5/10
02/01/2023 18:42:10 ::INFO:: Fraction positive triplet in this batch : 0.09
02/01/2023 18:42:10 ::INFO:: ***** Training loss : 0.24258
02/01/2023 18:42:11 ::INFO:: Epoch 5/10
02/01/2023 18:42:11 ::INFO:: Fraction positive triplet in this batch : 0.39
02/01/2023 18:42:11 ::INFO:: ***** Training loss : 0.47626
02/01/2023 18:42:12 ::INFO:: Epoch 5/10
02/01/2023 18:42:12 ::INFO:: Fraction positive triplet in this batch : 0.00
02/01/2023 18:42:12 ::INFO:: ***** Training loss : 0.00000
02/01/2023 18:42:14 ::INFO:: Epoch 5/10
02/01/2023 18:42:14 ::INFO:: Fraction positive triplet in this batch : 0.88
02/01/2023 18:42:14 ::INFO:: ***** Training loss : 0.52204
02/01/2023 18:42:15 ::INFO:: Epoch 5/10
02/01/2023 18:42:15 ::INFO:: Fraction positive triplet in this batch : 0.00
02/01/2023 18:42:15 ::INFO:: ***** Training loss : 0.00000
02/01/2023 18:42:17 ::INFO:: Epoch 5/10
02/01/2023 18:42:17 ::INFO:: Fraction positive triplet in this batch : 0.00
02/01/2023 18:42:17 ::INFO:: ***** Training loss : 0.35166
02/01/2023 18:42:18 ::INFO:: Epoch 5/10
02/01/2023 18:42:18 ::INFO:: Fraction positive triplet in this batch : 0.01
02/01/2023 18:42:18 ::INFO:: ***** Training loss : 0.13356
02/01/2023 18:42:19 ::INFO:: Epoch 5/10
02/01/2023 18:42:19 ::INFO:: Fraction positive triplet in this batch : 1.58
02/01/2023 18:42:19 ::INFO:: ***** Training loss : 0.72231
02/01/2023 18:42:21 ::INFO:: Epoch 5/10
02/01/2023 18:42:21 ::INFO:: Fraction positive triplet in this batch : 0.00
02/01/2023 18:42:21 ::INFO:: ***** Training loss : 0.00000
02/01/2023 18:42:22 ::INFO:: Epoch 5/10
02/01/2023 18:42:22 ::INFO:: Fraction positive triplet in this batch : 0.00
02/01/2023 18:42:22 ::INFO:: ***** Training loss : 0.00000
02/01/2023 18:42:24 ::INFO:: Epoch 5/10
02/01/2023 18:42:24 ::INFO:: Fraction positive triplet in this batch : 0.81
02/01/2023 18:42:24 ::INFO:: ***** Training loss : 0.65584
02/01/2023 18:42:25 ::INFO:: Epoch 5/10
02/01/2023 18:42:25 ::INFO:: Fraction positive triplet in this batch : 0.00
02/01/2023 18:42:25 ::INFO:: ***** Training loss : 0.00000
02/01/2023 18:42:26 ::INFO:: Epoch 5/10
02/01/2023 18:42:26 ::INFO:: Fraction positive triplet in this batch : 1.94
02/01/2023 18:42:26 ::INFO:: ***** Training loss : 1.07077
02/01/2023 18:42:28 ::INFO:: Epoch 5/10
02/01/2023 18:42:28 ::INFO:: Fraction positive triplet in this batch : 0.00
02/01/2023 18:42:28 ::INFO:: ***** Training loss : 0.00000
02/01/2023 18:42:29 ::INFO:: Epoch 5/10
02/01/2023 18:42:29 ::INFO:: Fraction positive triplet in this batch : 0.00
02/01/2023 18:42:29 ::INFO:: ***** Training loss : 0.00000
02/01/2023 18:42:31 ::INFO:: Epoch 5/10
02/01/2023 18:42:31 ::INFO:: Fraction positive triplet in this batch : 0.00
02/01/2023 18:42:31 ::INFO:: ***** Training loss : 0.00000
02/01/2023 18:42:32 ::INFO:: Epoch 5/10
02/01/2023 18:42:32 ::INFO:: Fraction positive triplet in this batch : 0.61
02/01/2023 18:42:32 ::INFO:: ***** Training loss : 0.53217
02/01/2023 18:42:33 ::INFO:: Epoch 5/10
02/01/2023 18:42:33 ::INFO:: Fraction positive triplet in this batch : 0.00
02/01/2023 18:42:33 ::INFO:: ***** Training loss : 0.00000
02/01/2023 18:42:35 ::INFO:: Epoch 5/10
02/01/2023 18:42:35 ::INFO:: Fraction positive triplet in this batch : 2.04
02/01/2023 18:42:35 ::INFO:: ***** Training loss : 1.18921
02/01/2023 18:42:36 ::INFO:: Epoch 5/10
02/01/2023 18:42:36 ::INFO:: Fraction positive triplet in this batch : 0.00
02/01/2023 18:42:36 ::INFO:: ***** Training loss : 0.00000
02/01/2023 18:42:37 ::INFO:: Epoch 5/10
02/01/2023 18:42:37 ::INFO:: Fraction positive triplet in this batch : 0.00
02/01/2023 18:42:37 ::INFO:: ***** Training loss : 0.00000
02/01/2023 18:42:39 ::INFO:: Epoch 5/10
02/01/2023 18:42:39 ::INFO:: Fraction positive triplet in this batch : 0.00
02/01/2023 18:42:39 ::INFO:: ***** Training loss : 0.00000
02/01/2023 18:42:40 ::INFO:: Epoch 5/10
02/01/2023 18:42:40 ::INFO:: Fraction positive triplet in this batch : 0.32
02/01/2023 18:42:40 ::INFO:: ***** Training loss : 0.44701
02/01/2023 18:42:42 ::INFO:: Epoch 5/10
02/01/2023 18:42:42 ::INFO:: Fraction positive triplet in this batch : 0.00
02/01/2023 18:42:42 ::INFO:: ***** Training loss : 0.00000
02/01/2023 18:42:43 ::INFO:: Epoch 5/10
02/01/2023 18:42:43 ::INFO:: Fraction positive triplet in this batch : 0.00
02/01/2023 18:42:43 ::INFO:: ***** Training loss : 0.00000
02/01/2023 18:42:45 ::INFO:: Epoch 5/10
02/01/2023 18:42:45 ::INFO:: Fraction positive triplet in this batch : 0.00
02/01/2023 18:42:45 ::INFO:: ***** Training loss : 0.00000
02/01/2023 18:42:46 ::INFO:: Epoch 5/10
02/01/2023 18:42:46 ::INFO:: Fraction positive triplet in this batch : 0.00
02/01/2023 18:42:46 ::INFO:: ***** Training loss : 0.00000
02/01/2023 18:42:47 ::INFO:: Epoch 5/10
02/01/2023 18:42:47 ::INFO:: Fraction positive triplet in this batch : 0.00
02/01/2023 18:42:47 ::INFO:: ***** Training loss : 0.00000
02/01/2023 18:42:49 ::INFO:: Epoch 5/10
02/01/2023 18:42:49 ::INFO:: Fraction positive triplet in this batch : 0.43
02/01/2023 18:42:49 ::INFO:: ***** Training loss : 0.45071
02/01/2023 18:42:50 ::INFO:: Epoch 5/10
02/01/2023 18:42:50 ::INFO:: Fraction positive triplet in this batch : 0.08
02/01/2023 18:42:50 ::INFO:: ***** Training loss : 0.20852
02/01/2023 18:42:50 ::INFO:: Mean training loss for this epoch : 0.27923
02/01/2023 18:42:50 ::INFO:: 
02/01/2023 18:42:51 ::INFO:: Epoch 6/10
02/01/2023 18:42:51 ::INFO:: Fraction positive triplet in this batch : 0.00
02/01/2023 18:42:51 ::INFO:: ***** Training loss : 0.01703
02/01/2023 18:42:53 ::INFO:: Epoch 6/10
02/01/2023 18:42:53 ::INFO:: Fraction positive triplet in this batch : 0.00
02/01/2023 18:42:53 ::INFO:: ***** Training loss : 0.00000
02/01/2023 18:42:54 ::INFO:: Epoch 6/10
02/01/2023 18:42:54 ::INFO:: Fraction positive triplet in this batch : 0.00
02/01/2023 18:42:54 ::INFO:: ***** Training loss : 0.16303
02/01/2023 18:42:56 ::INFO:: Epoch 6/10
02/01/2023 18:42:56 ::INFO:: Fraction positive triplet in this batch : 0.00
02/01/2023 18:42:56 ::INFO:: ***** Training loss : 0.00000
02/01/2023 18:42:57 ::INFO:: Epoch 6/10
02/01/2023 18:42:57 ::INFO:: Fraction positive triplet in this batch : 0.00
02/01/2023 18:42:57 ::INFO:: ***** Training loss : 0.00000
02/01/2023 18:42:59 ::INFO:: Epoch 6/10
02/01/2023 18:42:59 ::INFO:: Fraction positive triplet in this batch : 0.02
02/01/2023 18:42:59 ::INFO:: ***** Training loss : 0.28386
02/01/2023 18:43:00 ::INFO:: Epoch 6/10
02/01/2023 18:43:00 ::INFO:: Fraction positive triplet in this batch : 0.09
02/01/2023 18:43:00 ::INFO:: ***** Training loss : 0.38100
02/01/2023 18:43:01 ::INFO:: Epoch 6/10
02/01/2023 18:43:01 ::INFO:: Fraction positive triplet in this batch : 0.02
02/01/2023 18:43:01 ::INFO:: ***** Training loss : 0.05243
02/01/2023 18:43:03 ::INFO:: Epoch 6/10
02/01/2023 18:43:03 ::INFO:: Fraction positive triplet in this batch : 0.00
02/01/2023 18:43:03 ::INFO:: ***** Training loss : 0.00000
02/01/2023 18:43:04 ::INFO:: Epoch 6/10
02/01/2023 18:43:04 ::INFO:: Fraction positive triplet in this batch : 0.00
02/01/2023 18:43:04 ::INFO:: ***** Training loss : 0.00000
02/01/2023 18:43:06 ::INFO:: Epoch 6/10
02/01/2023 18:43:06 ::INFO:: Fraction positive triplet in this batch : 0.00
02/01/2023 18:43:06 ::INFO:: ***** Training loss : 0.00000
02/01/2023 18:43:07 ::INFO:: Epoch 6/10
02/01/2023 18:43:07 ::INFO:: Fraction positive triplet in this batch : 0.00
02/01/2023 18:43:07 ::INFO:: ***** Training loss : 0.00000
02/01/2023 18:43:08 ::INFO:: Epoch 6/10
02/01/2023 18:43:08 ::INFO:: Fraction positive triplet in this batch : 0.00
02/01/2023 18:43:08 ::INFO:: ***** Training loss : 0.00000
02/01/2023 18:43:10 ::INFO:: Epoch 6/10
02/01/2023 18:43:10 ::INFO:: Fraction positive triplet in this batch : 0.00
02/01/2023 18:43:10 ::INFO:: ***** Training loss : 0.00000
02/01/2023 18:43:11 ::INFO:: Epoch 6/10
02/01/2023 18:43:11 ::INFO:: Fraction positive triplet in this batch : 0.00
02/01/2023 18:43:11 ::INFO:: ***** Training loss : 0.00000
02/01/2023 18:43:13 ::INFO:: Epoch 6/10
02/01/2023 18:43:13 ::INFO:: Fraction positive triplet in this batch : 0.00
02/01/2023 18:43:13 ::INFO:: ***** Training loss : 0.00000
02/01/2023 18:43:14 ::INFO:: Epoch 6/10
02/01/2023 18:43:14 ::INFO:: Fraction positive triplet in this batch : 0.00
02/01/2023 18:43:14 ::INFO:: ***** Training loss : 0.00000
02/01/2023 18:43:16 ::INFO:: Epoch 6/10
02/01/2023 18:43:16 ::INFO:: Fraction positive triplet in this batch : 0.60
02/01/2023 18:43:16 ::INFO:: ***** Training loss : 0.51780
02/01/2023 18:43:17 ::INFO:: Epoch 6/10
02/01/2023 18:43:17 ::INFO:: Fraction positive triplet in this batch : 0.00
02/01/2023 18:43:17 ::INFO:: ***** Training loss : 0.00000
02/01/2023 18:43:18 ::INFO:: Epoch 6/10
02/01/2023 18:43:18 ::INFO:: Fraction positive triplet in this batch : 0.00
02/01/2023 18:43:18 ::INFO:: ***** Training loss : 0.00000
02/01/2023 18:43:20 ::INFO:: Epoch 6/10
02/01/2023 18:43:20 ::INFO:: Fraction positive triplet in this batch : 0.32
02/01/2023 18:43:20 ::INFO:: ***** Training loss : 0.58143
02/01/2023 18:43:21 ::INFO:: Epoch 6/10
02/01/2023 18:43:21 ::INFO:: Fraction positive triplet in this batch : 0.00
02/01/2023 18:43:21 ::INFO:: ***** Training loss : 0.00000
02/01/2023 18:43:23 ::INFO:: Epoch 6/10
02/01/2023 18:43:23 ::INFO:: Fraction positive triplet in this batch : 0.39
02/01/2023 18:43:23 ::INFO:: ***** Training loss : 0.53246
02/01/2023 18:43:24 ::INFO:: Epoch 6/10
02/01/2023 18:43:24 ::INFO:: Fraction positive triplet in this batch : 0.00
02/01/2023 18:43:24 ::INFO:: ***** Training loss : 0.00000
02/01/2023 18:43:25 ::INFO:: Epoch 6/10
02/01/2023 18:43:25 ::INFO:: Fraction positive triplet in this batch : 0.00
02/01/2023 18:43:25 ::INFO:: ***** Training loss : 0.00000
02/01/2023 18:43:27 ::INFO:: Epoch 6/10
02/01/2023 18:43:27 ::INFO:: Fraction positive triplet in this batch : 0.05
02/01/2023 18:43:27 ::INFO:: ***** Training loss : 0.27540
02/01/2023 18:43:28 ::INFO:: Epoch 6/10
02/01/2023 18:43:28 ::INFO:: Fraction positive triplet in this batch : 1.40
02/01/2023 18:43:28 ::INFO:: ***** Training loss : 0.68465
02/01/2023 18:43:30 ::INFO:: Epoch 6/10
02/01/2023 18:43:30 ::INFO:: Fraction positive triplet in this batch : 1.02
02/01/2023 18:43:30 ::INFO:: ***** Training loss : 0.61897
02/01/2023 18:43:31 ::INFO:: Epoch 6/10
02/01/2023 18:43:31 ::INFO:: Fraction positive triplet in this batch : 0.00
02/01/2023 18:43:31 ::INFO:: ***** Training loss : 0.00000
02/01/2023 18:43:32 ::INFO:: Epoch 6/10
02/01/2023 18:43:32 ::INFO:: Fraction positive triplet in this batch : 0.02
02/01/2023 18:43:32 ::INFO:: ***** Training loss : 0.28738
02/01/2023 18:43:34 ::INFO:: Epoch 6/10
02/01/2023 18:43:34 ::INFO:: Fraction positive triplet in this batch : 1.31
02/01/2023 18:43:34 ::INFO:: ***** Training loss : 1.34891
02/01/2023 18:43:35 ::INFO:: Epoch 6/10
02/01/2023 18:43:35 ::INFO:: Fraction positive triplet in this batch : 1.29
02/01/2023 18:43:35 ::INFO:: ***** Training loss : 1.14237
02/01/2023 18:43:37 ::INFO:: Epoch 6/10
02/01/2023 18:43:37 ::INFO:: Fraction positive triplet in this batch : 0.44
02/01/2023 18:43:37 ::INFO:: ***** Training loss : 0.44750
02/01/2023 18:43:38 ::INFO:: Epoch 6/10
02/01/2023 18:43:38 ::INFO:: Fraction positive triplet in this batch : 0.00
02/01/2023 18:43:38 ::INFO:: ***** Training loss : 0.00000
02/01/2023 18:43:39 ::INFO:: Epoch 6/10
02/01/2023 18:43:39 ::INFO:: Fraction positive triplet in this batch : 0.00
02/01/2023 18:43:39 ::INFO:: ***** Training loss : 0.00000
02/01/2023 18:43:41 ::INFO:: Epoch 6/10
02/01/2023 18:43:41 ::INFO:: Fraction positive triplet in this batch : 1.16
02/01/2023 18:43:41 ::INFO:: ***** Training loss : 0.97307
02/01/2023 18:43:42 ::INFO:: Epoch 6/10
02/01/2023 18:43:42 ::INFO:: Fraction positive triplet in this batch : 0.02
02/01/2023 18:43:42 ::INFO:: ***** Training loss : 0.43607
02/01/2023 18:43:44 ::INFO:: Epoch 6/10
02/01/2023 18:43:44 ::INFO:: Fraction positive triplet in this batch : 0.08
02/01/2023 18:43:44 ::INFO:: ***** Training loss : 0.21607
02/01/2023 18:43:45 ::INFO:: Epoch 6/10
02/01/2023 18:43:45 ::INFO:: Fraction positive triplet in this batch : 0.00
02/01/2023 18:43:45 ::INFO:: ***** Training loss : 0.00000
02/01/2023 18:43:46 ::INFO:: Epoch 6/10
02/01/2023 18:43:46 ::INFO:: Fraction positive triplet in this batch : 0.00
02/01/2023 18:43:46 ::INFO:: ***** Training loss : 0.08252
02/01/2023 18:43:48 ::INFO:: Epoch 6/10
02/01/2023 18:43:48 ::INFO:: Fraction positive triplet in this batch : 0.12
02/01/2023 18:43:48 ::INFO:: ***** Training loss : 0.37887
02/01/2023 18:43:49 ::INFO:: Epoch 6/10
02/01/2023 18:43:49 ::INFO:: Fraction positive triplet in this batch : 0.00
02/01/2023 18:43:49 ::INFO:: ***** Training loss : 0.00000
02/01/2023 18:43:51 ::INFO:: Epoch 6/10
02/01/2023 18:43:51 ::INFO:: Fraction positive triplet in this batch : 1.24
02/01/2023 18:43:51 ::INFO:: ***** Training loss : 0.97286
02/01/2023 18:43:52 ::INFO:: Epoch 6/10
02/01/2023 18:43:52 ::INFO:: Fraction positive triplet in this batch : 0.02
02/01/2023 18:43:52 ::INFO:: ***** Training loss : 0.24355
02/01/2023 18:43:53 ::INFO:: Epoch 6/10
02/01/2023 18:43:53 ::INFO:: Fraction positive triplet in this batch : 0.00
02/01/2023 18:43:53 ::INFO:: ***** Training loss : 0.00000
02/01/2023 18:43:55 ::INFO:: Epoch 6/10
02/01/2023 18:43:55 ::INFO:: Fraction positive triplet in this batch : 0.00
02/01/2023 18:43:55 ::INFO:: ***** Training loss : 0.00000
02/01/2023 18:43:56 ::INFO:: Epoch 6/10
02/01/2023 18:43:56 ::INFO:: Fraction positive triplet in this batch : 0.00
02/01/2023 18:43:56 ::INFO:: ***** Training loss : 0.00000
02/01/2023 18:43:56 ::INFO:: Mean training loss for this epoch : 0.27443
02/01/2023 18:43:56 ::INFO:: 
02/01/2023 18:43:57 ::INFO:: Epoch 7/10
02/01/2023 18:43:57 ::INFO:: Fraction positive triplet in this batch : 0.01
02/01/2023 18:43:57 ::INFO:: ***** Training loss : 0.23064
02/01/2023 18:43:59 ::INFO:: Epoch 7/10
02/01/2023 18:43:59 ::INFO:: Fraction positive triplet in this batch : 0.01
02/01/2023 18:43:59 ::INFO:: ***** Training loss : 0.26627
02/01/2023 18:44:00 ::INFO:: Epoch 7/10
02/01/2023 18:44:00 ::INFO:: Fraction positive triplet in this batch : 0.00
02/01/2023 18:44:00 ::INFO:: ***** Training loss : 0.00000
02/01/2023 18:44:02 ::INFO:: Epoch 7/10
02/01/2023 18:44:02 ::INFO:: Fraction positive triplet in this batch : 0.00
02/01/2023 18:44:02 ::INFO:: ***** Training loss : 0.00000
02/01/2023 18:44:03 ::INFO:: Epoch 7/10
02/01/2023 18:44:03 ::INFO:: Fraction positive triplet in this batch : 0.01
02/01/2023 18:44:03 ::INFO:: ***** Training loss : 0.01019
02/01/2023 18:44:05 ::INFO:: Epoch 7/10
02/01/2023 18:44:05 ::INFO:: Fraction positive triplet in this batch : 0.00
02/01/2023 18:44:05 ::INFO:: ***** Training loss : 0.11050
02/01/2023 18:44:06 ::INFO:: Epoch 7/10
02/01/2023 18:44:06 ::INFO:: Fraction positive triplet in this batch : 0.46
02/01/2023 18:44:06 ::INFO:: ***** Training loss : 0.42919
02/01/2023 18:44:07 ::INFO:: Epoch 7/10
02/01/2023 18:44:07 ::INFO:: Fraction positive triplet in this batch : 0.07
02/01/2023 18:44:07 ::INFO:: ***** Training loss : 0.32830
02/01/2023 18:44:09 ::INFO:: Epoch 7/10
02/01/2023 18:44:09 ::INFO:: Fraction positive triplet in this batch : 0.00
02/01/2023 18:44:09 ::INFO:: ***** Training loss : 0.00000
02/01/2023 18:44:10 ::INFO:: Epoch 7/10
02/01/2023 18:44:10 ::INFO:: Fraction positive triplet in this batch : 0.00
02/01/2023 18:44:10 ::INFO:: ***** Training loss : 0.00000
02/01/2023 18:44:12 ::INFO:: Epoch 7/10
02/01/2023 18:44:12 ::INFO:: Fraction positive triplet in this batch : 0.00
02/01/2023 18:44:12 ::INFO:: ***** Training loss : 0.00000
02/01/2023 18:44:13 ::INFO:: Epoch 7/10
02/01/2023 18:44:13 ::INFO:: Fraction positive triplet in this batch : 0.00
02/01/2023 18:44:13 ::INFO:: ***** Training loss : 0.00000
02/01/2023 18:44:14 ::INFO:: Epoch 7/10
02/01/2023 18:44:14 ::INFO:: Fraction positive triplet in this batch : 0.02
02/01/2023 18:44:14 ::INFO:: ***** Training loss : 0.23528
02/01/2023 18:44:16 ::INFO:: Epoch 7/10
02/01/2023 18:44:16 ::INFO:: Fraction positive triplet in this batch : 0.00
02/01/2023 18:44:16 ::INFO:: ***** Training loss : 0.00000
02/01/2023 18:44:17 ::INFO:: Epoch 7/10
02/01/2023 18:44:17 ::INFO:: Fraction positive triplet in this batch : 0.00
02/01/2023 18:44:17 ::INFO:: ***** Training loss : 0.00000
02/01/2023 18:44:19 ::INFO:: Epoch 7/10
02/01/2023 18:44:19 ::INFO:: Fraction positive triplet in this batch : 0.00
02/01/2023 18:44:19 ::INFO:: ***** Training loss : 0.00000
02/01/2023 18:44:20 ::INFO:: Epoch 7/10
02/01/2023 18:44:20 ::INFO:: Fraction positive triplet in this batch : 1.81
02/01/2023 18:44:20 ::INFO:: ***** Training loss : 3.14893
02/01/2023 18:44:21 ::INFO:: Epoch 7/10
02/01/2023 18:44:21 ::INFO:: Fraction positive triplet in this batch : 0.00
02/01/2023 18:44:21 ::INFO:: ***** Training loss : 0.00000
02/01/2023 18:44:23 ::INFO:: Epoch 7/10
02/01/2023 18:44:23 ::INFO:: Fraction positive triplet in this batch : 0.36
02/01/2023 18:44:23 ::INFO:: ***** Training loss : 0.62738
02/01/2023 18:44:24 ::INFO:: Epoch 7/10
02/01/2023 18:44:24 ::INFO:: Fraction positive triplet in this batch : 0.00
02/01/2023 18:44:24 ::INFO:: ***** Training loss : 0.00000
02/01/2023 18:44:26 ::INFO:: Epoch 7/10
02/01/2023 18:44:26 ::INFO:: Fraction positive triplet in this batch : 0.00
02/01/2023 18:44:26 ::INFO:: ***** Training loss : 0.00000
02/01/2023 18:44:27 ::INFO:: Epoch 7/10
02/01/2023 18:44:27 ::INFO:: Fraction positive triplet in this batch : 0.00
02/01/2023 18:44:27 ::INFO:: ***** Training loss : 0.00000
02/01/2023 18:44:28 ::INFO:: Epoch 7/10
02/01/2023 18:44:28 ::INFO:: Fraction positive triplet in this batch : 0.99
02/01/2023 18:44:28 ::INFO:: ***** Training loss : 0.76167
02/01/2023 18:44:30 ::INFO:: Epoch 7/10
02/01/2023 18:44:30 ::INFO:: Fraction positive triplet in this batch : 0.00
02/01/2023 18:44:30 ::INFO:: ***** Training loss : 0.00593
02/01/2023 18:44:31 ::INFO:: Epoch 7/10
02/01/2023 18:44:31 ::INFO:: Fraction positive triplet in this batch : 0.00
02/01/2023 18:44:31 ::INFO:: ***** Training loss : 0.00000
02/01/2023 18:44:33 ::INFO:: Epoch 7/10
02/01/2023 18:44:33 ::INFO:: Fraction positive triplet in this batch : 0.30
02/01/2023 18:44:33 ::INFO:: ***** Training loss : 0.58422
02/01/2023 18:44:34 ::INFO:: Epoch 7/10
02/01/2023 18:44:34 ::INFO:: Fraction positive triplet in this batch : 0.13
02/01/2023 18:44:34 ::INFO:: ***** Training loss : 0.47506
02/01/2023 18:44:36 ::INFO:: Epoch 7/10
02/01/2023 18:44:36 ::INFO:: Fraction positive triplet in this batch : 0.00
02/01/2023 18:44:36 ::INFO:: ***** Training loss : 0.00000
02/01/2023 18:44:37 ::INFO:: Epoch 7/10
02/01/2023 18:44:37 ::INFO:: Fraction positive triplet in this batch : 0.00
02/01/2023 18:44:37 ::INFO:: ***** Training loss : 0.00000
02/01/2023 18:44:38 ::INFO:: Epoch 7/10
02/01/2023 18:44:38 ::INFO:: Fraction positive triplet in this batch : 0.00
02/01/2023 18:44:38 ::INFO:: ***** Training loss : 0.00000
02/01/2023 18:44:40 ::INFO:: Epoch 7/10
02/01/2023 18:44:40 ::INFO:: Fraction positive triplet in this batch : 0.04
02/01/2023 18:44:40 ::INFO:: ***** Training loss : 0.33048
02/01/2023 18:44:41 ::INFO:: Epoch 7/10
02/01/2023 18:44:41 ::INFO:: Fraction positive triplet in this batch : 0.00
02/01/2023 18:44:41 ::INFO:: ***** Training loss : 0.00000
02/01/2023 18:44:43 ::INFO:: Epoch 7/10
02/01/2023 18:44:43 ::INFO:: Fraction positive triplet in this batch : 0.00
02/01/2023 18:44:43 ::INFO:: ***** Training loss : 0.00000
02/01/2023 18:44:44 ::INFO:: Epoch 7/10
02/01/2023 18:44:44 ::INFO:: Fraction positive triplet in this batch : 0.00
02/01/2023 18:44:44 ::INFO:: ***** Training loss : 0.00000
02/01/2023 18:44:45 ::INFO:: Epoch 7/10
02/01/2023 18:44:45 ::INFO:: Fraction positive triplet in this batch : 0.15
02/01/2023 18:44:45 ::INFO:: ***** Training loss : 0.31378
02/01/2023 18:44:47 ::INFO:: Epoch 7/10
02/01/2023 18:44:47 ::INFO:: Fraction positive triplet in this batch : 0.00
02/01/2023 18:44:47 ::INFO:: ***** Training loss : 0.00000
02/01/2023 18:44:48 ::INFO:: Epoch 7/10
02/01/2023 18:44:48 ::INFO:: Fraction positive triplet in this batch : 0.00
02/01/2023 18:44:48 ::INFO:: ***** Training loss : 0.00000
02/01/2023 18:44:50 ::INFO:: Epoch 7/10
02/01/2023 18:44:50 ::INFO:: Fraction positive triplet in this batch : 0.00
02/01/2023 18:44:50 ::INFO:: ***** Training loss : 0.00000
02/01/2023 18:44:51 ::INFO:: Epoch 7/10
02/01/2023 18:44:51 ::INFO:: Fraction positive triplet in this batch : 0.00
02/01/2023 18:44:51 ::INFO:: ***** Training loss : 0.00000
02/01/2023 18:44:52 ::INFO:: Epoch 7/10
02/01/2023 18:44:52 ::INFO:: Fraction positive triplet in this batch : 0.00
02/01/2023 18:44:52 ::INFO:: ***** Training loss : 0.00000
02/01/2023 18:44:54 ::INFO:: Epoch 7/10
02/01/2023 18:44:54 ::INFO:: Fraction positive triplet in this batch : 0.05
02/01/2023 18:44:54 ::INFO:: ***** Training loss : 0.37627
02/01/2023 18:44:55 ::INFO:: Epoch 7/10
02/01/2023 18:44:55 ::INFO:: Fraction positive triplet in this batch : 0.61
02/01/2023 18:44:55 ::INFO:: ***** Training loss : 0.82222
02/01/2023 18:44:56 ::INFO:: Epoch 7/10
02/01/2023 18:44:56 ::INFO:: Fraction positive triplet in this batch : 0.00
02/01/2023 18:44:56 ::INFO:: ***** Training loss : 0.00000
02/01/2023 18:44:58 ::INFO:: Epoch 7/10
02/01/2023 18:44:58 ::INFO:: Fraction positive triplet in this batch : 0.01
02/01/2023 18:44:58 ::INFO:: ***** Training loss : 0.27935
02/01/2023 18:44:59 ::INFO:: Epoch 7/10
02/01/2023 18:44:59 ::INFO:: Fraction positive triplet in this batch : 0.00
02/01/2023 18:44:59 ::INFO:: ***** Training loss : 0.00000
02/01/2023 18:45:01 ::INFO:: Epoch 7/10
02/01/2023 18:45:01 ::INFO:: Fraction positive triplet in this batch : 0.00
02/01/2023 18:45:01 ::INFO:: ***** Training loss : 0.00000
02/01/2023 18:45:02 ::INFO:: Epoch 7/10
02/01/2023 18:45:02 ::INFO:: Fraction positive triplet in this batch : 2.61
02/01/2023 18:45:02 ::INFO:: ***** Training loss : 0.91843
02/01/2023 18:45:02 ::INFO:: Mean training loss for this epoch : 0.22804
02/01/2023 18:45:02 ::INFO:: 
02/01/2023 18:45:03 ::INFO:: Epoch 8/10
02/01/2023 18:45:03 ::INFO:: Fraction positive triplet in this batch : 0.00
02/01/2023 18:45:03 ::INFO:: ***** Training loss : 0.00000
02/01/2023 18:45:05 ::INFO:: Epoch 8/10
02/01/2023 18:45:05 ::INFO:: Fraction positive triplet in this batch : 1.56
02/01/2023 18:45:05 ::INFO:: ***** Training loss : 1.00502
02/01/2023 18:45:06 ::INFO:: Epoch 8/10
02/01/2023 18:45:06 ::INFO:: Fraction positive triplet in this batch : 0.00
02/01/2023 18:45:06 ::INFO:: ***** Training loss : 0.00000
02/01/2023 18:45:08 ::INFO:: Epoch 8/10
02/01/2023 18:45:08 ::INFO:: Fraction positive triplet in this batch : 0.00
02/01/2023 18:45:08 ::INFO:: ***** Training loss : 0.00000
02/01/2023 18:45:09 ::INFO:: Epoch 8/10
02/01/2023 18:45:09 ::INFO:: Fraction positive triplet in this batch : 0.01
02/01/2023 18:45:09 ::INFO:: ***** Training loss : 0.24149
02/01/2023 18:45:10 ::INFO:: Epoch 8/10
02/01/2023 18:45:10 ::INFO:: Fraction positive triplet in this batch : 0.03
02/01/2023 18:45:10 ::INFO:: ***** Training loss : 0.26071
02/01/2023 18:45:12 ::INFO:: Epoch 8/10
02/01/2023 18:45:12 ::INFO:: Fraction positive triplet in this batch : 0.04
02/01/2023 18:45:12 ::INFO:: ***** Training loss : 0.17091
02/01/2023 18:45:13 ::INFO:: Epoch 8/10
02/01/2023 18:45:13 ::INFO:: Fraction positive triplet in this batch : 0.00
02/01/2023 18:45:13 ::INFO:: ***** Training loss : 0.00000
02/01/2023 18:45:15 ::INFO:: Epoch 8/10
02/01/2023 18:45:15 ::INFO:: Fraction positive triplet in this batch : 0.00
02/01/2023 18:45:15 ::INFO:: ***** Training loss : 0.00000
02/01/2023 18:45:16 ::INFO:: Epoch 8/10
02/01/2023 18:45:16 ::INFO:: Fraction positive triplet in this batch : 0.00
02/01/2023 18:45:16 ::INFO:: ***** Training loss : 0.00000
02/01/2023 18:45:17 ::INFO:: Epoch 8/10
02/01/2023 18:45:17 ::INFO:: Fraction positive triplet in this batch : 0.00
02/01/2023 18:45:17 ::INFO:: ***** Training loss : 0.00000
02/01/2023 18:45:19 ::INFO:: Epoch 8/10
02/01/2023 18:45:19 ::INFO:: Fraction positive triplet in this batch : 0.63
02/01/2023 18:45:19 ::INFO:: ***** Training loss : 0.68022
02/01/2023 18:45:20 ::INFO:: Epoch 8/10
02/01/2023 18:45:20 ::INFO:: Fraction positive triplet in this batch : 0.67
02/01/2023 18:45:20 ::INFO:: ***** Training loss : 0.70537
02/01/2023 18:45:22 ::INFO:: Epoch 8/10
02/01/2023 18:45:22 ::INFO:: Fraction positive triplet in this batch : 0.00
02/01/2023 18:45:22 ::INFO:: ***** Training loss : 0.00000
02/01/2023 18:45:23 ::INFO:: Epoch 8/10
02/01/2023 18:45:23 ::INFO:: Fraction positive triplet in this batch : 0.00
02/01/2023 18:45:23 ::INFO:: ***** Training loss : 0.00000
02/01/2023 18:45:24 ::INFO:: Epoch 8/10
02/01/2023 18:45:24 ::INFO:: Fraction positive triplet in this batch : 0.00
02/01/2023 18:45:24 ::INFO:: ***** Training loss : 0.00000
02/01/2023 18:45:26 ::INFO:: Epoch 8/10
02/01/2023 18:45:26 ::INFO:: Fraction positive triplet in this batch : 0.01
02/01/2023 18:45:26 ::INFO:: ***** Training loss : 0.06268
02/01/2023 18:45:27 ::INFO:: Epoch 8/10
02/01/2023 18:45:27 ::INFO:: Fraction positive triplet in this batch : 0.03
02/01/2023 18:45:27 ::INFO:: ***** Training loss : 0.15889
02/01/2023 18:45:29 ::INFO:: Epoch 8/10
02/01/2023 18:45:29 ::INFO:: Fraction positive triplet in this batch : 0.00
02/01/2023 18:45:29 ::INFO:: ***** Training loss : 0.00000
02/01/2023 18:45:30 ::INFO:: Epoch 8/10
02/01/2023 18:45:30 ::INFO:: Fraction positive triplet in this batch : 0.00
02/01/2023 18:45:30 ::INFO:: ***** Training loss : 0.00000
02/01/2023 18:45:31 ::INFO:: Epoch 8/10
02/01/2023 18:45:31 ::INFO:: Fraction positive triplet in this batch : 2.63
02/01/2023 18:45:31 ::INFO:: ***** Training loss : 3.94079
02/01/2023 18:45:33 ::INFO:: Epoch 8/10
02/01/2023 18:45:33 ::INFO:: Fraction positive triplet in this batch : 0.00
02/01/2023 18:45:33 ::INFO:: ***** Training loss : 0.00000
02/01/2023 18:45:34 ::INFO:: Epoch 8/10
02/01/2023 18:45:34 ::INFO:: Fraction positive triplet in this batch : 0.00
02/01/2023 18:45:34 ::INFO:: ***** Training loss : 0.00000
02/01/2023 18:45:36 ::INFO:: Epoch 8/10
02/01/2023 18:45:36 ::INFO:: Fraction positive triplet in this batch : 0.00
02/01/2023 18:45:36 ::INFO:: ***** Training loss : 0.00000
02/01/2023 18:45:37 ::INFO:: Epoch 8/10
02/01/2023 18:45:37 ::INFO:: Fraction positive triplet in this batch : 0.00
02/01/2023 18:45:37 ::INFO:: ***** Training loss : 0.00000
02/01/2023 18:45:38 ::INFO:: Epoch 8/10
02/01/2023 18:45:38 ::INFO:: Fraction positive triplet in this batch : 0.00
02/01/2023 18:45:38 ::INFO:: ***** Training loss : 0.00000
02/01/2023 18:45:40 ::INFO:: Epoch 8/10
02/01/2023 18:45:40 ::INFO:: Fraction positive triplet in this batch : 0.01
02/01/2023 18:45:40 ::INFO:: ***** Training loss : 0.06819
02/01/2023 18:45:41 ::INFO:: Epoch 8/10
02/01/2023 18:45:41 ::INFO:: Fraction positive triplet in this batch : 0.03
02/01/2023 18:45:41 ::INFO:: ***** Training loss : 0.41351
02/01/2023 18:45:43 ::INFO:: Epoch 8/10
02/01/2023 18:45:43 ::INFO:: Fraction positive triplet in this batch : 0.00
02/01/2023 18:45:43 ::INFO:: ***** Training loss : 0.00000
02/01/2023 18:45:44 ::INFO:: Epoch 8/10
02/01/2023 18:45:44 ::INFO:: Fraction positive triplet in this batch : 0.00
02/01/2023 18:45:44 ::INFO:: ***** Training loss : 0.00000
02/01/2023 18:45:45 ::INFO:: Epoch 8/10
02/01/2023 18:45:45 ::INFO:: Fraction positive triplet in this batch : 0.00
02/01/2023 18:45:45 ::INFO:: ***** Training loss : 0.00000
02/01/2023 18:45:47 ::INFO:: Epoch 8/10
02/01/2023 18:45:47 ::INFO:: Fraction positive triplet in this batch : 0.00
02/01/2023 18:45:47 ::INFO:: ***** Training loss : 0.00000
02/01/2023 18:45:48 ::INFO:: Epoch 8/10
02/01/2023 18:45:48 ::INFO:: Fraction positive triplet in this batch : 0.00
02/01/2023 18:45:48 ::INFO:: ***** Training loss : 0.00000
02/01/2023 18:45:50 ::INFO:: Epoch 8/10
02/01/2023 18:45:50 ::INFO:: Fraction positive triplet in this batch : 0.00
02/01/2023 18:45:50 ::INFO:: ***** Training loss : 0.00000
02/01/2023 18:45:51 ::INFO:: Epoch 8/10
02/01/2023 18:45:51 ::INFO:: Fraction positive triplet in this batch : 0.00
02/01/2023 18:45:51 ::INFO:: ***** Training loss : 0.00000
02/01/2023 18:45:53 ::INFO:: Epoch 8/10
02/01/2023 18:45:53 ::INFO:: Fraction positive triplet in this batch : 1.49
02/01/2023 18:45:53 ::INFO:: ***** Training loss : 1.30548
02/01/2023 18:45:54 ::INFO:: Epoch 8/10
02/01/2023 18:45:54 ::INFO:: Fraction positive triplet in this batch : 1.20
02/01/2023 18:45:54 ::INFO:: ***** Training loss : 0.66348
02/01/2023 18:45:55 ::INFO:: Epoch 8/10
02/01/2023 18:45:55 ::INFO:: Fraction positive triplet in this batch : 0.00
02/01/2023 18:45:55 ::INFO:: ***** Training loss : 0.00000
02/01/2023 18:45:57 ::INFO:: Epoch 8/10
02/01/2023 18:45:57 ::INFO:: Fraction positive triplet in this batch : 0.00
02/01/2023 18:45:57 ::INFO:: ***** Training loss : 0.00000
02/01/2023 18:45:58 ::INFO:: Epoch 8/10
02/01/2023 18:45:58 ::INFO:: Fraction positive triplet in this batch : 0.00
02/01/2023 18:45:58 ::INFO:: ***** Training loss : 0.00000
02/01/2023 18:46:00 ::INFO:: Epoch 8/10
02/01/2023 18:46:00 ::INFO:: Fraction positive triplet in this batch : 0.00
02/01/2023 18:46:00 ::INFO:: ***** Training loss : 0.00000
02/01/2023 18:46:01 ::INFO:: Epoch 8/10
02/01/2023 18:46:01 ::INFO:: Fraction positive triplet in this batch : 0.00
02/01/2023 18:46:01 ::INFO:: ***** Training loss : 0.00000
02/01/2023 18:46:02 ::INFO:: Epoch 8/10
02/01/2023 18:46:02 ::INFO:: Fraction positive triplet in this batch : 0.00
02/01/2023 18:46:02 ::INFO:: ***** Training loss : 0.00000
02/01/2023 18:46:04 ::INFO:: Epoch 8/10
02/01/2023 18:46:04 ::INFO:: Fraction positive triplet in this batch : 0.02
02/01/2023 18:46:04 ::INFO:: ***** Training loss : 0.09367
02/01/2023 18:46:05 ::INFO:: Epoch 8/10
02/01/2023 18:46:05 ::INFO:: Fraction positive triplet in this batch : 0.26
02/01/2023 18:46:05 ::INFO:: ***** Training loss : 0.83242
02/01/2023 18:46:07 ::INFO:: Epoch 8/10
02/01/2023 18:46:07 ::INFO:: Fraction positive triplet in this batch : 0.00
02/01/2023 18:46:07 ::INFO:: ***** Training loss : 0.00000
02/01/2023 18:46:08 ::INFO:: Epoch 8/10
02/01/2023 18:46:08 ::INFO:: Fraction positive triplet in this batch : 0.00
02/01/2023 18:46:08 ::INFO:: ***** Training loss : 0.00000
02/01/2023 18:46:08 ::INFO:: Mean training loss for this epoch : 0.19935
02/01/2023 18:46:08 ::INFO:: 
02/01/2023 18:46:09 ::INFO:: Epoch 9/10
02/01/2023 18:46:09 ::INFO:: Fraction positive triplet in this batch : 0.00
02/01/2023 18:46:09 ::INFO:: ***** Training loss : 0.00000
02/01/2023 18:46:11 ::INFO:: Epoch 9/10
02/01/2023 18:46:11 ::INFO:: Fraction positive triplet in this batch : 0.00
02/01/2023 18:46:11 ::INFO:: ***** Training loss : 0.00000
02/01/2023 18:46:12 ::INFO:: Epoch 9/10
02/01/2023 18:46:12 ::INFO:: Fraction positive triplet in this batch : 0.00
02/01/2023 18:46:12 ::INFO:: ***** Training loss : 0.00000
02/01/2023 18:46:14 ::INFO:: Epoch 9/10
02/01/2023 18:46:14 ::INFO:: Fraction positive triplet in this batch : 0.00
02/01/2023 18:46:14 ::INFO:: ***** Training loss : 0.00000
02/01/2023 18:46:15 ::INFO:: Epoch 9/10
02/01/2023 18:46:15 ::INFO:: Fraction positive triplet in this batch : 0.00
02/01/2023 18:46:15 ::INFO:: ***** Training loss : 0.00000
02/01/2023 18:46:16 ::INFO:: Epoch 9/10
02/01/2023 18:46:16 ::INFO:: Fraction positive triplet in this batch : 0.00
02/01/2023 18:46:16 ::INFO:: ***** Training loss : 0.00000
02/01/2023 18:46:18 ::INFO:: Epoch 9/10
02/01/2023 18:46:18 ::INFO:: Fraction positive triplet in this batch : 2.31
02/01/2023 18:46:18 ::INFO:: ***** Training loss : 2.05976
02/01/2023 18:46:19 ::INFO:: Epoch 9/10
02/01/2023 18:46:19 ::INFO:: Fraction positive triplet in this batch : 0.00
02/01/2023 18:46:19 ::INFO:: ***** Training loss : 0.00000
02/01/2023 18:46:21 ::INFO:: Epoch 9/10
02/01/2023 18:46:21 ::INFO:: Fraction positive triplet in this batch : 0.00
02/01/2023 18:46:21 ::INFO:: ***** Training loss : 0.00000
02/01/2023 18:46:22 ::INFO:: Epoch 9/10
02/01/2023 18:46:22 ::INFO:: Fraction positive triplet in this batch : 0.00
02/01/2023 18:46:22 ::INFO:: ***** Training loss : 0.00000
02/01/2023 18:46:23 ::INFO:: Epoch 9/10
02/01/2023 18:46:23 ::INFO:: Fraction positive triplet in this batch : 0.00
02/01/2023 18:46:23 ::INFO:: ***** Training loss : 0.31015
02/01/2023 18:46:25 ::INFO:: Epoch 9/10
02/01/2023 18:46:25 ::INFO:: Fraction positive triplet in this batch : 0.02
02/01/2023 18:46:25 ::INFO:: ***** Training loss : 0.32148
02/01/2023 18:46:26 ::INFO:: Epoch 9/10
02/01/2023 18:46:26 ::INFO:: Fraction positive triplet in this batch : 0.01
02/01/2023 18:46:26 ::INFO:: ***** Training loss : 0.18368
02/01/2023 18:46:28 ::INFO:: Epoch 9/10
02/01/2023 18:46:28 ::INFO:: Fraction positive triplet in this batch : 0.00
02/01/2023 18:46:28 ::INFO:: ***** Training loss : 0.00000
02/01/2023 18:46:29 ::INFO:: Epoch 9/10
02/01/2023 18:46:29 ::INFO:: Fraction positive triplet in this batch : 0.00
02/01/2023 18:46:29 ::INFO:: ***** Training loss : 0.00000
02/01/2023 18:46:30 ::INFO:: Epoch 9/10
02/01/2023 18:46:30 ::INFO:: Fraction positive triplet in this batch : 0.01
02/01/2023 18:46:30 ::INFO:: ***** Training loss : 0.19294
02/01/2023 18:46:32 ::INFO:: Epoch 9/10
02/01/2023 18:46:32 ::INFO:: Fraction positive triplet in this batch : 0.55
02/01/2023 18:46:32 ::INFO:: ***** Training loss : 0.61990
02/01/2023 18:46:33 ::INFO:: Epoch 9/10
02/01/2023 18:46:33 ::INFO:: Fraction positive triplet in this batch : 0.08
02/01/2023 18:46:33 ::INFO:: ***** Training loss : 0.28565
02/01/2023 18:46:35 ::INFO:: Epoch 9/10
02/01/2023 18:46:35 ::INFO:: Fraction positive triplet in this batch : 0.00
02/01/2023 18:46:35 ::INFO:: ***** Training loss : 0.00000
02/01/2023 18:46:36 ::INFO:: Epoch 9/10
02/01/2023 18:46:36 ::INFO:: Fraction positive triplet in this batch : 0.51
02/01/2023 18:46:36 ::INFO:: ***** Training loss : 0.55564
02/01/2023 18:46:37 ::INFO:: Epoch 9/10
02/01/2023 18:46:37 ::INFO:: Fraction positive triplet in this batch : 0.00
02/01/2023 18:46:37 ::INFO:: ***** Training loss : 0.00000
02/01/2023 18:46:39 ::INFO:: Epoch 9/10
02/01/2023 18:46:39 ::INFO:: Fraction positive triplet in this batch : 0.00
02/01/2023 18:46:39 ::INFO:: ***** Training loss : 0.00000
02/01/2023 18:46:40 ::INFO:: Epoch 9/10
02/01/2023 18:46:40 ::INFO:: Fraction positive triplet in this batch : 0.00
02/01/2023 18:46:40 ::INFO:: ***** Training loss : 0.00000
02/01/2023 18:46:42 ::INFO:: Epoch 9/10
02/01/2023 18:46:42 ::INFO:: Fraction positive triplet in this batch : 0.00
02/01/2023 18:46:42 ::INFO:: ***** Training loss : 0.00000
02/01/2023 18:46:43 ::INFO:: Epoch 9/10
02/01/2023 18:46:43 ::INFO:: Fraction positive triplet in this batch : 0.00
02/01/2023 18:46:43 ::INFO:: ***** Training loss : 0.00000
02/01/2023 18:46:44 ::INFO:: Epoch 9/10
02/01/2023 18:46:44 ::INFO:: Fraction positive triplet in this batch : 0.00
02/01/2023 18:46:44 ::INFO:: ***** Training loss : 0.00000
02/01/2023 18:46:46 ::INFO:: Epoch 9/10
02/01/2023 18:46:46 ::INFO:: Fraction positive triplet in this batch : 0.00
02/01/2023 18:46:46 ::INFO:: ***** Training loss : 0.00000
02/01/2023 18:46:47 ::INFO:: Epoch 9/10
02/01/2023 18:46:47 ::INFO:: Fraction positive triplet in this batch : 0.00
02/01/2023 18:46:47 ::INFO:: ***** Training loss : 0.00000
02/01/2023 18:46:49 ::INFO:: Epoch 9/10
02/01/2023 18:46:49 ::INFO:: Fraction positive triplet in this batch : 0.00
02/01/2023 18:46:49 ::INFO:: ***** Training loss : 0.00000
02/01/2023 18:46:50 ::INFO:: Epoch 9/10
02/01/2023 18:46:50 ::INFO:: Fraction positive triplet in this batch : 0.00
02/01/2023 18:46:50 ::INFO:: ***** Training loss : 0.00000
02/01/2023 18:46:51 ::INFO:: Epoch 9/10
02/01/2023 18:46:51 ::INFO:: Fraction positive triplet in this batch : 0.00
02/01/2023 18:46:51 ::INFO:: ***** Training loss : 0.00000
02/01/2023 18:46:53 ::INFO:: Epoch 9/10
02/01/2023 18:46:53 ::INFO:: Fraction positive triplet in this batch : 0.06
02/01/2023 18:46:53 ::INFO:: ***** Training loss : 0.21538
02/01/2023 18:46:54 ::INFO:: Epoch 9/10
02/01/2023 18:46:54 ::INFO:: Fraction positive triplet in this batch : 0.26
02/01/2023 18:46:54 ::INFO:: ***** Training loss : 0.54658
02/01/2023 18:46:56 ::INFO:: Epoch 9/10
02/01/2023 18:46:56 ::INFO:: Fraction positive triplet in this batch : 0.00
02/01/2023 18:46:56 ::INFO:: ***** Training loss : 0.00000
02/01/2023 18:46:57 ::INFO:: Epoch 9/10
02/01/2023 18:46:57 ::INFO:: Fraction positive triplet in this batch : 0.30
02/01/2023 18:46:57 ::INFO:: ***** Training loss : 0.44762
02/01/2023 18:46:58 ::INFO:: Epoch 9/10
02/01/2023 18:46:58 ::INFO:: Fraction positive triplet in this batch : 0.00
02/01/2023 18:46:58 ::INFO:: ***** Training loss : 0.00000
02/01/2023 18:47:00 ::INFO:: Epoch 9/10
02/01/2023 18:47:00 ::INFO:: Fraction positive triplet in this batch : 0.03
02/01/2023 18:47:00 ::INFO:: ***** Training loss : 0.25323
02/01/2023 18:47:01 ::INFO:: Epoch 9/10
02/01/2023 18:47:01 ::INFO:: Fraction positive triplet in this batch : 0.62
02/01/2023 18:47:01 ::INFO:: ***** Training loss : 0.60201
02/01/2023 18:47:03 ::INFO:: Epoch 9/10
02/01/2023 18:47:03 ::INFO:: Fraction positive triplet in this batch : 0.00
02/01/2023 18:47:03 ::INFO:: ***** Training loss : 0.00000
02/01/2023 18:47:04 ::INFO:: Epoch 9/10
02/01/2023 18:47:04 ::INFO:: Fraction positive triplet in this batch : 0.00
02/01/2023 18:47:04 ::INFO:: ***** Training loss : 0.00000
02/01/2023 18:47:05 ::INFO:: Epoch 9/10
02/01/2023 18:47:05 ::INFO:: Fraction positive triplet in this batch : 0.00
02/01/2023 18:47:05 ::INFO:: ***** Training loss : 0.00000
02/01/2023 18:47:07 ::INFO:: Epoch 9/10
02/01/2023 18:47:07 ::INFO:: Fraction positive triplet in this batch : 0.00
02/01/2023 18:47:07 ::INFO:: ***** Training loss : 0.00000
02/01/2023 18:47:08 ::INFO:: Epoch 9/10
02/01/2023 18:47:08 ::INFO:: Fraction positive triplet in this batch : 0.34
02/01/2023 18:47:08 ::INFO:: ***** Training loss : 0.54900
02/01/2023 18:47:10 ::INFO:: Epoch 9/10
02/01/2023 18:47:10 ::INFO:: Fraction positive triplet in this batch : 0.00
02/01/2023 18:47:10 ::INFO:: ***** Training loss : 0.00000
02/01/2023 18:47:11 ::INFO:: Epoch 9/10
02/01/2023 18:47:11 ::INFO:: Fraction positive triplet in this batch : 0.00
02/01/2023 18:47:11 ::INFO:: ***** Training loss : 0.00000
02/01/2023 18:47:12 ::INFO:: Epoch 9/10
02/01/2023 18:47:12 ::INFO:: Fraction positive triplet in this batch : 0.00
02/01/2023 18:47:12 ::INFO:: ***** Training loss : 0.00000
02/01/2023 18:47:14 ::INFO:: Epoch 9/10
02/01/2023 18:47:14 ::INFO:: Fraction positive triplet in this batch : 0.00
02/01/2023 18:47:14 ::INFO:: ***** Training loss : 0.00000
02/01/2023 18:47:14 ::INFO:: Mean training loss for this epoch : 0.19261
02/01/2023 18:47:14 ::INFO:: 
02/01/2023 18:47:15 ::INFO:: Epoch 10/10
02/01/2023 18:47:15 ::INFO:: Fraction positive triplet in this batch : 0.00
02/01/2023 18:47:15 ::INFO:: ***** Training loss : 0.00000
02/01/2023 18:47:16 ::INFO:: Epoch 10/10
02/01/2023 18:47:16 ::INFO:: Fraction positive triplet in this batch : 0.10
02/01/2023 18:47:16 ::INFO:: ***** Training loss : 0.35581
02/01/2023 18:47:18 ::INFO:: Epoch 10/10
02/01/2023 18:47:18 ::INFO:: Fraction positive triplet in this batch : 0.00
02/01/2023 18:47:18 ::INFO:: ***** Training loss : 0.00000
02/01/2023 18:47:19 ::INFO:: Epoch 10/10
02/01/2023 18:47:19 ::INFO:: Fraction positive triplet in this batch : 0.01
02/01/2023 18:47:19 ::INFO:: ***** Training loss : 0.05336
02/01/2023 18:47:21 ::INFO:: Epoch 10/10
02/01/2023 18:47:21 ::INFO:: Fraction positive triplet in this batch : 0.00
02/01/2023 18:47:21 ::INFO:: ***** Training loss : 0.00000
02/01/2023 18:47:22 ::INFO:: Epoch 10/10
02/01/2023 18:47:22 ::INFO:: Fraction positive triplet in this batch : 0.00
02/01/2023 18:47:22 ::INFO:: ***** Training loss : 0.00000
02/01/2023 18:47:23 ::INFO:: Epoch 10/10
02/01/2023 18:47:23 ::INFO:: Fraction positive triplet in this batch : 0.00
02/01/2023 18:47:23 ::INFO:: ***** Training loss : 0.00000
02/01/2023 18:47:25 ::INFO:: Epoch 10/10
02/01/2023 18:47:25 ::INFO:: Fraction positive triplet in this batch : 0.00
02/01/2023 18:47:25 ::INFO:: ***** Training loss : 0.00000
02/01/2023 18:47:26 ::INFO:: Epoch 10/10
02/01/2023 18:47:26 ::INFO:: Fraction positive triplet in this batch : 1.15
02/01/2023 18:47:26 ::INFO:: ***** Training loss : 0.81438
02/01/2023 18:47:28 ::INFO:: Epoch 10/10
02/01/2023 18:47:28 ::INFO:: Fraction positive triplet in this batch : 0.00
02/01/2023 18:47:28 ::INFO:: ***** Training loss : 0.00000
02/01/2023 18:47:29 ::INFO:: Epoch 10/10
02/01/2023 18:47:29 ::INFO:: Fraction positive triplet in this batch : 0.00
02/01/2023 18:47:29 ::INFO:: ***** Training loss : 0.00000
02/01/2023 18:47:31 ::INFO:: Epoch 10/10
02/01/2023 18:47:31 ::INFO:: Fraction positive triplet in this batch : 0.00
02/01/2023 18:47:31 ::INFO:: ***** Training loss : 0.00000
02/01/2023 18:47:32 ::INFO:: Epoch 10/10
02/01/2023 18:47:32 ::INFO:: Fraction positive triplet in this batch : 0.16
02/01/2023 18:47:32 ::INFO:: ***** Training loss : 0.44432
02/01/2023 18:47:33 ::INFO:: Epoch 10/10
02/01/2023 18:47:33 ::INFO:: Fraction positive triplet in this batch : 0.01
02/01/2023 18:47:33 ::INFO:: ***** Training loss : 0.10568
02/01/2023 18:47:35 ::INFO:: Epoch 10/10
02/01/2023 18:47:35 ::INFO:: Fraction positive triplet in this batch : 0.01
02/01/2023 18:47:35 ::INFO:: ***** Training loss : 0.26840
02/01/2023 18:47:36 ::INFO:: Epoch 10/10
02/01/2023 18:47:36 ::INFO:: Fraction positive triplet in this batch : 0.15
02/01/2023 18:47:36 ::INFO:: ***** Training loss : 0.31370
02/01/2023 18:47:38 ::INFO:: Epoch 10/10
02/01/2023 18:47:38 ::INFO:: Fraction positive triplet in this batch : 0.04
02/01/2023 18:47:38 ::INFO:: ***** Training loss : 0.29868
02/01/2023 18:47:39 ::INFO:: Epoch 10/10
02/01/2023 18:47:39 ::INFO:: Fraction positive triplet in this batch : 0.56
02/01/2023 18:47:39 ::INFO:: ***** Training loss : 0.53332
02/01/2023 18:47:40 ::INFO:: Epoch 10/10
02/01/2023 18:47:40 ::INFO:: Fraction positive triplet in this batch : 0.02
02/01/2023 18:47:40 ::INFO:: ***** Training loss : 0.32780
02/01/2023 18:47:42 ::INFO:: Epoch 10/10
02/01/2023 18:47:42 ::INFO:: Fraction positive triplet in this batch : 0.00
02/01/2023 18:47:42 ::INFO:: ***** Training loss : 0.00000
02/01/2023 18:47:43 ::INFO:: Epoch 10/10
02/01/2023 18:47:43 ::INFO:: Fraction positive triplet in this batch : 0.00
02/01/2023 18:47:43 ::INFO:: ***** Training loss : 0.00000
02/01/2023 18:47:45 ::INFO:: Epoch 10/10
02/01/2023 18:47:45 ::INFO:: Fraction positive triplet in this batch : 0.00
02/01/2023 18:47:45 ::INFO:: ***** Training loss : 0.00000
02/01/2023 18:47:46 ::INFO:: Epoch 10/10
02/01/2023 18:47:46 ::INFO:: Fraction positive triplet in this batch : 0.00
02/01/2023 18:47:46 ::INFO:: ***** Training loss : 0.00000
02/01/2023 18:47:47 ::INFO:: Epoch 10/10
02/01/2023 18:47:47 ::INFO:: Fraction positive triplet in this batch : 0.00
02/01/2023 18:47:47 ::INFO:: ***** Training loss : 0.00000
02/01/2023 18:47:49 ::INFO:: Epoch 10/10
02/01/2023 18:47:49 ::INFO:: Fraction positive triplet in this batch : 0.00
02/01/2023 18:47:49 ::INFO:: ***** Training loss : 0.06300
02/01/2023 18:47:50 ::INFO:: Epoch 10/10
02/01/2023 18:47:50 ::INFO:: Fraction positive triplet in this batch : 0.01
02/01/2023 18:47:50 ::INFO:: ***** Training loss : 0.13302
02/01/2023 18:47:52 ::INFO:: Epoch 10/10
02/01/2023 18:47:52 ::INFO:: Fraction positive triplet in this batch : 0.00
02/01/2023 18:47:52 ::INFO:: ***** Training loss : 0.00000
02/01/2023 18:47:53 ::INFO:: Epoch 10/10
02/01/2023 18:47:53 ::INFO:: Fraction positive triplet in this batch : 0.00
02/01/2023 18:47:53 ::INFO:: ***** Training loss : 0.00000
02/01/2023 18:47:55 ::INFO:: Epoch 10/10
02/01/2023 18:47:55 ::INFO:: Fraction positive triplet in this batch : 0.00
02/01/2023 18:47:55 ::INFO:: ***** Training loss : 0.00000
02/01/2023 18:47:56 ::INFO:: Epoch 10/10
02/01/2023 18:47:56 ::INFO:: Fraction positive triplet in this batch : 0.00
02/01/2023 18:47:56 ::INFO:: ***** Training loss : 0.00000
02/01/2023 18:47:57 ::INFO:: Epoch 10/10
02/01/2023 18:47:57 ::INFO:: Fraction positive triplet in this batch : 0.00
02/01/2023 18:47:57 ::INFO:: ***** Training loss : 0.00000
02/01/2023 18:47:59 ::INFO:: Epoch 10/10
02/01/2023 18:47:59 ::INFO:: Fraction positive triplet in this batch : 0.07
02/01/2023 18:47:59 ::INFO:: ***** Training loss : 0.18439
02/01/2023 18:48:00 ::INFO:: Epoch 10/10
02/01/2023 18:48:00 ::INFO:: Fraction positive triplet in this batch : 0.00
02/01/2023 18:48:00 ::INFO:: ***** Training loss : 0.00000
02/01/2023 18:48:02 ::INFO:: Epoch 10/10
02/01/2023 18:48:02 ::INFO:: Fraction positive triplet in this batch : 0.00
02/01/2023 18:48:02 ::INFO:: ***** Training loss : 0.14922
02/01/2023 18:48:03 ::INFO:: Epoch 10/10
02/01/2023 18:48:03 ::INFO:: Fraction positive triplet in this batch : 0.17
02/01/2023 18:48:03 ::INFO:: ***** Training loss : 0.37215
02/01/2023 18:48:04 ::INFO:: Epoch 10/10
02/01/2023 18:48:04 ::INFO:: Fraction positive triplet in this batch : 0.00
02/01/2023 18:48:04 ::INFO:: ***** Training loss : 0.00000
02/01/2023 18:48:06 ::INFO:: Epoch 10/10
02/01/2023 18:48:06 ::INFO:: Fraction positive triplet in this batch : 0.00
02/01/2023 18:48:06 ::INFO:: ***** Training loss : 0.00000
02/01/2023 18:48:07 ::INFO:: Epoch 10/10
02/01/2023 18:48:07 ::INFO:: Fraction positive triplet in this batch : 0.04
02/01/2023 18:48:07 ::INFO:: ***** Training loss : 0.41555
02/01/2023 18:48:09 ::INFO:: Epoch 10/10
02/01/2023 18:48:09 ::INFO:: Fraction positive triplet in this batch : 0.00
02/01/2023 18:48:09 ::INFO:: ***** Training loss : 0.00000
02/01/2023 18:48:10 ::INFO:: Epoch 10/10
02/01/2023 18:48:10 ::INFO:: Fraction positive triplet in this batch : 0.00
02/01/2023 18:48:10 ::INFO:: ***** Training loss : 0.00000
02/01/2023 18:48:11 ::INFO:: Epoch 10/10
02/01/2023 18:48:11 ::INFO:: Fraction positive triplet in this batch : 0.00
02/01/2023 18:48:11 ::INFO:: ***** Training loss : 0.00000
02/01/2023 18:48:13 ::INFO:: Epoch 10/10
02/01/2023 18:48:13 ::INFO:: Fraction positive triplet in this batch : 0.00
02/01/2023 18:48:13 ::INFO:: ***** Training loss : 0.00000
02/01/2023 18:48:14 ::INFO:: Epoch 10/10
02/01/2023 18:48:14 ::INFO:: Fraction positive triplet in this batch : 0.01
02/01/2023 18:48:14 ::INFO:: ***** Training loss : 0.27233
02/01/2023 18:48:16 ::INFO:: Epoch 10/10
02/01/2023 18:48:16 ::INFO:: Fraction positive triplet in this batch : 0.11
02/01/2023 18:48:16 ::INFO:: ***** Training loss : 0.35215
02/01/2023 18:48:17 ::INFO:: Epoch 10/10
02/01/2023 18:48:17 ::INFO:: Fraction positive triplet in this batch : 0.00
02/01/2023 18:48:17 ::INFO:: ***** Training loss : 0.00000
02/01/2023 18:48:18 ::INFO:: Epoch 10/10
02/01/2023 18:48:18 ::INFO:: Fraction positive triplet in this batch : 0.00
02/01/2023 18:48:18 ::INFO:: ***** Training loss : 0.00000
02/01/2023 18:48:20 ::INFO:: Epoch 10/10
02/01/2023 18:48:20 ::INFO:: Fraction positive triplet in this batch : 0.00
02/01/2023 18:48:20 ::INFO:: ***** Training loss : 0.00000
02/01/2023 18:48:20 ::INFO:: Mean training loss for this epoch : 0.16817
02/01/2023 18:48:20 ::INFO:: 
02/01/2023 18:48:20 ::INFO:: 

02/01/2023 18:48:20 ::INFO:: Model saved to TNN_128vec_unbalanced_10epochs_02012023_18h48.pt.
