10/12/2022 11:30:28 ::INFO:: Model is FaceDetection_resnet18
10/12/2022 11:30:28 ::INFO:: Pretrained is True
10/12/2022 11:30:28 ::INFO:: Learning rate = 0.001
10/12/2022 11:30:28 ::INFO:: Batch size = 128
10/12/2022 11:30:28 ::INFO:: Using optimizer : Adam (
Parameter Group 0
    amsgrad: False
    betas: (0.9, 0.999)
    capturable: False
    differentiable: False
    eps: 1e-08
    foreach: None
    fused: False
    lr: 0.001
    maximize: False
    weight_decay: 0
)
10/12/2022 11:30:28 ::INFO:: Lr Scheduler : None
10/12/2022 11:30:28 ::INFO:: 
10/12/2022 11:30:28 ::INFO:: Start training
10/12/2022 11:30:28 ::INFO:: [START] : 2022-12-10 11:30:28
10/12/2022 11:30:43 ::INFO:: Epoch 1/1
10/12/2022 11:30:43 ::INFO:: ***** Training loss : 0.33349
10/12/2022 11:30:43 ::INFO:: ***** Validation loss : 99.22%
10/12/2022 11:31:01 ::INFO:: Epoch 1/1
10/12/2022 11:31:01 ::INFO:: ***** Training loss : 0.16098
10/12/2022 11:31:01 ::INFO:: ***** Validation loss : 100.00%
10/12/2022 11:31:25 ::INFO:: Epoch 1/1
10/12/2022 11:31:25 ::INFO:: ***** Training loss : 0.10452
10/12/2022 11:31:25 ::INFO:: ***** Validation loss : 100.00%
10/12/2022 11:31:37 ::INFO:: Epoch 1/1
10/12/2022 11:31:37 ::INFO:: ***** Training loss : 0.09297
10/12/2022 11:31:37 ::INFO:: ***** Validation loss : 100.00%
10/12/2022 11:31:37 ::INFO:: 

10/12/2022 11:31:37 ::INFO:: Model saved to FaceDetection_resnet18_1epochs_10122022_11h31.pt.
10/12/2022 11:31:37 ::INFO:: Training results saved to train_results_FaceDetection_resnet18_10122022_11h31.pkl.
10/12/2022 11:31:37 ::INFO:: Validation results saved to val_results_FaceDetection_resnet18_10122022_11h31.pkl.
10/12/2022 11:31:37 ::INFO:: Time duration: 0:01:09.864219.
10/12/2022 11:31:37 ::INFO:: End training.
